{"C:\\Users\\Ranzer\\OneDrive\\Área de Trabalho\\NotaGest\\Backend_NotaGest_4.0\\src\\server.ts": {"path":"C:\\Users\\Ranzer\\OneDrive\\Área de Trabalho\\NotaGest\\Backend_NotaGest_4.0\\src\\server.ts","statementMap":{"0":{"start":{"line":1,"column":0},"end":{"line":1,"column":53}},"1":{"start":{"line":2,"column":0},"end":{"line":2,"column":24}},"2":{"start":{"line":3,"column":0},"end":{"line":3,"column":28}},"3":{"start":{"line":4,"column":0},"end":{"line":4,"column":24}},"4":{"start":{"line":6,"column":0},"end":{"line":6,"column":44}},"5":{"start":{"line":7,"column":0},"end":{"line":7,"column":53}},"6":{"start":{"line":8,"column":0},"end":{"line":8,"column":48}},"7":{"start":{"line":9,"column":0},"end":{"line":9,"column":48}},"8":{"start":{"line":10,"column":0},"end":{"line":10,"column":56}},"9":{"start":{"line":11,"column":0},"end":{"line":11,"column":60}},"10":{"start":{"line":12,"column":0},"end":{"line":12,"column":44}},"11":{"start":{"line":13,"column":0},"end":{"line":13,"column":62}},"12":{"start":{"line":14,"column":0},"end":{"line":14,"column":66}},"13":{"start":{"line":15,"column":0},"end":{"line":15,"column":43}},"14":{"start":{"line":17,"column":0},"end":{"line":17,"column":16}},"15":{"start":{"line":19,"column":0},"end":{"line":23,"column":1}},"16":{"start":{"line":20,"column":2},"end":{"line":20,"column":122}},"17":{"start":{"line":22,"column":2},"end":{"line":22,"column":52}},"18":{"start":{"line":25,"column":0},"end":{"line":27,"column":1}},"19":{"start":{"line":26,"column":2},"end":{"line":26,"column":14}},"20":{"start":{"line":29,"column":12},"end":{"line":29,"column":21}},"21":{"start":{"line":30,"column":0},"end":{"line":39,"column":4}},"22":{"start":{"line":41,"column":0},"end":{"line":41,"column":24}},"23":{"start":{"line":44,"column":0},"end":{"line":44,"column":18}},"24":{"start":{"line":47,"column":0},"end":{"line":47,"column":23}},"25":{"start":{"line":50,"column":0},"end":{"line":50,"column":34}},"26":{"start":{"line":51,"column":0},"end":{"line":51,"column":36}},"27":{"start":{"line":52,"column":0},"end":{"line":52,"column":40}},"28":{"start":{"line":53,"column":0},"end":{"line":53,"column":45}},"29":{"start":{"line":54,"column":0},"end":{"line":54,"column":29}},"30":{"start":{"line":57,"column":0},"end":{"line":57,"column":73}},"31":{"start":{"line":60,"column":0},"end":{"line":60,"column":25}},"32":{"start":{"line":63,"column":0},"end":{"line":70,"column":3}},"33":{"start":{"line":64,"column":2},"end":{"line":68,"column":5}},"34":{"start":{"line":69,"column":2},"end":{"line":69,"column":59}},"35":{"start":{"line":72,"column":13},"end":{"line":72,"column":37}},"36":{"start":{"line":73,"column":0},"end":{"line":75,"column":1}},"37":{"start":{"line":74,"column":2},"end":{"line":74,"column":74}},"38":{"start":{"line":74,"column":25},"end":{"line":74,"column":72}},"39":{"start":{"line":77,"column":0},"end":{"line":77,"column":19}}},"fnMap":{"0":{"name":"(anonymous_1)","decl":{"start":{"line":63,"column":8},"end":{"line":63,"column":9}},"loc":{"start":{"line":63,"column":40},"end":{"line":70,"column":1}}},"1":{"name":"(anonymous_2)","decl":{"start":{"line":74,"column":19},"end":{"line":74,"column":22}},"loc":{"start":{"line":74,"column":25},"end":{"line":74,"column":72}}}},"branchMap":{"0":{"loc":{"start":{"line":19,"column":0},"end":{"line":23,"column":1}},"type":"if","locations":[{"start":{"line":19,"column":0},"end":{"line":23,"column":1}},{"start":{"line":21,"column":7},"end":{"line":23,"column":1}}]},"1":{"loc":{"start":{"line":25,"column":0},"end":{"line":27,"column":1}},"type":"if","locations":[{"start":{"line":25,"column":0},"end":{"line":27,"column":1}},{"start":{},"end":{}}]},"2":{"loc":{"start":{"line":72,"column":13},"end":{"line":72,"column":37}},"type":"binary-expr","locations":[{"start":{"line":72,"column":13},"end":{"line":72,"column":29}},{"start":{"line":72,"column":33},"end":{"line":72,"column":37}}]},"3":{"loc":{"start":{"line":73,"column":0},"end":{"line":75,"column":1}},"type":"if","locations":[{"start":{"line":73,"column":0},"end":{"line":75,"column":1}},{"start":{},"end":{}}]}},"s":{"0":7,"1":7,"2":7,"3":7,"4":7,"5":7,"6":7,"7":7,"8":7,"9":7,"10":7,"11":7,"12":7,"13":7,"14":7,"15":7,"16":0,"17":7,"18":7,"19":0,"20":7,"21":7,"22":7,"23":7,"24":7,"25":7,"26":7,"27":7,"28":7,"29":7,"30":7,"31":7,"32":7,"33":1,"34":1,"35":7,"36":7,"37":0,"38":0,"39":7},"f":{"0":1,"1":0},"b":{"0":[0,7],"1":[0,7],"2":[7,0],"3":[0,7]}}
,"C:\\Users\\Ranzer\\OneDrive\\Área de Trabalho\\NotaGest\\Backend_NotaGest_4.0\\src\\config\\mongoDb.ts": {"path":"C:\\Users\\Ranzer\\OneDrive\\Área de Trabalho\\NotaGest\\Backend_NotaGest_4.0\\src\\config\\mongoDb.ts","statementMap":{"0":{"start":{"line":2,"column":0},"end":{"line":2,"column":32}},"1":{"start":{"line":9,"column":18},"end":{"line":28,"column":1}},"2":{"start":{"line":10,"column":4},"end":{"line":27,"column":5}},"3":{"start":{"line":11,"column":20},"end":{"line":11,"column":47}},"4":{"start":{"line":13,"column":8},"end":{"line":15,"column":9}},"5":{"start":{"line":14,"column":12},"end":{"line":14,"column":78}},"6":{"start":{"line":17,"column":8},"end":{"line":17,"column":36}},"7":{"start":{"line":18,"column":8},"end":{"line":18,"column":62}},"8":{"start":{"line":20,"column":8},"end":{"line":24,"column":9}},"9":{"start":{"line":21,"column":12},"end":{"line":21,"column":76}},"10":{"start":{"line":23,"column":12},"end":{"line":23,"column":76}},"11":{"start":{"line":26,"column":8},"end":{"line":26,"column":24}},"12":{"start":{"line":31,"column":0},"end":{"line":31,"column":25}}},"fnMap":{"0":{"name":"(anonymous_1)","decl":{"start":{"line":9,"column":18},"end":{"line":9,"column":23}},"loc":{"start":{"line":9,"column":44},"end":{"line":28,"column":1}}}},"branchMap":{"0":{"loc":{"start":{"line":11,"column":20},"end":{"line":11,"column":47}},"type":"binary-expr","locations":[{"start":{"line":11,"column":20},"end":{"line":11,"column":41}},{"start":{"line":11,"column":45},"end":{"line":11,"column":47}}]},"1":{"loc":{"start":{"line":13,"column":8},"end":{"line":15,"column":9}},"type":"if","locations":[{"start":{"line":13,"column":8},"end":{"line":15,"column":9}},{"start":{},"end":{}}]},"2":{"loc":{"start":{"line":20,"column":8},"end":{"line":24,"column":9}},"type":"if","locations":[{"start":{"line":20,"column":8},"end":{"line":24,"column":9}},{"start":{"line":22,"column":15},"end":{"line":24,"column":9}}]}},"s":{"0":8,"1":8,"2":3,"3":3,"4":3,"5":1,"6":2,"7":1,"8":2,"9":2,"10":0,"11":2,"12":8},"f":{"0":3},"b":{"0":[3,1],"1":[1,2],"2":[2,0]}}
,"C:\\Users\\Ranzer\\OneDrive\\Área de Trabalho\\NotaGest\\Backend_NotaGest_4.0\\src\\config\\swaggerConfig.ts": {"path":"C:\\Users\\Ranzer\\OneDrive\\Área de Trabalho\\NotaGest\\Backend_NotaGest_4.0\\src\\config\\swaggerConfig.ts","statementMap":{"0":{"start":{"line":1,"column":0},"end":{"line":1,"column":54}},"1":{"start":{"line":2,"column":0},"end":{"line":2,"column":43}},"2":{"start":{"line":4,"column":0},"end":{"line":4,"column":20}},"3":{"start":{"line":5,"column":0},"end":{"line":5,"column":24}},"4":{"start":{"line":8,"column":26},"end":{"line":12,"column":1}},"5":{"start":{"line":9,"column":26},"end":{"line":9,"column":66}},"6":{"start":{"line":10,"column":22},"end":{"line":10,"column":74}},"7":{"start":{"line":11,"column":2},"end":{"line":11,"column":29}},"8":{"start":{"line":13,"column":19},"end":{"line":13,"column":38}},"9":{"start":{"line":15,"column":13},"end":{"line":15,"column":37}},"10":{"start":{"line":17,"column":32},"end":{"line":93,"column":2}},"11":{"start":{"line":95,"column":20},"end":{"line":95,"column":48}},"12":{"start":{"line":101,"column":21},"end":{"line":104,"column":1}},"13":{"start":{"line":102,"column":2},"end":{"line":102,"column":70}},"14":{"start":{"line":103,"column":2},"end":{"line":103,"column":49}},"15":{"start":{"line":106,"column":0},"end":{"line":106,"column":28}}},"fnMap":{"0":{"name":"(anonymous_1)","decl":{"start":{"line":8,"column":26},"end":{"line":8,"column":37}},"loc":{"start":{"line":8,"column":39},"end":{"line":12,"column":1}}},"1":{"name":"(anonymous_2)","decl":{"start":{"line":101,"column":21},"end":{"line":101,"column":22}},"loc":{"start":{"line":101,"column":44},"end":{"line":104,"column":1}}}},"branchMap":{"0":{"loc":{"start":{"line":15,"column":13},"end":{"line":15,"column":37}},"type":"binary-expr","locations":[{"start":{"line":15,"column":13},"end":{"line":15,"column":29}},{"start":{"line":15,"column":33},"end":{"line":15,"column":37}}]},"1":{"loc":{"start":{"line":22,"column":15},"end":{"line":22,"column":36}},"type":"binary-expr","locations":[{"start":{"line":22,"column":15},"end":{"line":22,"column":25}},{"start":{"line":22,"column":29},"end":{"line":22,"column":36}}]},"2":{"loc":{"start":{"line":29,"column":13},"end":{"line":29,"column":66}},"type":"binary-expr","locations":[{"start":{"line":29,"column":13},"end":{"line":29,"column":36}},{"start":{"line":29,"column":40},"end":{"line":29,"column":66}}]}},"s":{"0":7,"1":7,"2":7,"3":7,"4":7,"5":7,"6":7,"7":7,"8":7,"9":7,"10":7,"11":7,"12":7,"13":7,"14":7,"15":7},"f":{"0":7,"1":7},"b":{"0":[7,7],"1":[7,0],"2":[7,7]}}
,"C:\\Users\\Ranzer\\OneDrive\\Área de Trabalho\\NotaGest\\Backend_NotaGest_4.0\\src\\controllers\\aiController.ts": {"path":"C:\\Users\\Ranzer\\OneDrive\\Área de Trabalho\\NotaGest\\Backend_NotaGest_4.0\\src\\controllers\\aiController.ts","statementMap":{"0":{"start":{"line":3,"column":0},"end":{"line":3,"column":57}},"1":{"start":{"line":4,"column":0},"end":{"line":4,"column":44}},"2":{"start":{"line":10,"column":24},"end":{"line":40,"column":1}},"3":{"start":{"line":11,"column":22},"end":{"line":11,"column":30}},"4":{"start":{"line":12,"column":19},"end":{"line":12,"column":31}},"5":{"start":{"line":14,"column":4},"end":{"line":14,"column":75}},"6":{"start":{"line":16,"column":4},"end":{"line":18,"column":5}},"7":{"start":{"line":17,"column":8},"end":{"line":17,"column":77}},"8":{"start":{"line":20,"column":4},"end":{"line":22,"column":5}},"9":{"start":{"line":21,"column":8},"end":{"line":21,"column":86}},"10":{"start":{"line":24,"column":4},"end":{"line":39,"column":5}},"11":{"start":{"line":25,"column":23},"end":{"line":25,"column":56}},"12":{"start":{"line":26,"column":8},"end":{"line":26,"column":67}},"13":{"start":{"line":27,"column":8},"end":{"line":27,"column":41}},"14":{"start":{"line":29,"column":8},"end":{"line":34,"column":11}},"15":{"start":{"line":35,"column":8},"end":{"line":38,"column":11}},"16":{"start":{"line":10,"column":13},"end":{"line":10,"column":24}}},"fnMap":{"0":{"name":"(anonymous_0)","decl":{"start":{"line":10,"column":24},"end":{"line":10,"column":29}},"loc":{"start":{"line":10,"column":67},"end":{"line":40,"column":1}}}},"branchMap":{"0":{"loc":{"start":{"line":16,"column":4},"end":{"line":18,"column":5}},"type":"if","locations":[{"start":{"line":16,"column":4},"end":{"line":18,"column":5}},{"start":{},"end":{}}]},"1":{"loc":{"start":{"line":20,"column":4},"end":{"line":22,"column":5}},"type":"if","locations":[{"start":{"line":20,"column":4},"end":{"line":22,"column":5}},{"start":{},"end":{}}]}},"s":{"0":7,"1":7,"2":7,"3":3,"4":3,"5":3,"6":3,"7":0,"8":3,"9":1,"10":2,"11":2,"12":1,"13":1,"14":1,"15":1,"16":7},"f":{"0":3},"b":{"0":[0,3],"1":[1,2]}}
,"C:\\Users\\Ranzer\\OneDrive\\Área de Trabalho\\NotaGest\\Backend_NotaGest_4.0\\src\\controllers\\fileController.ts": {"path":"C:\\Users\\Ranzer\\OneDrive\\Área de Trabalho\\NotaGest\\Backend_NotaGest_4.0\\src\\controllers\\fileController.ts","statementMap":{"0":{"start":{"line":2,"column":0},"end":{"line":2,"column":45}},"1":{"start":{"line":9,"column":27},"end":{"line":30,"column":1}},"2":{"start":{"line":10,"column":23},"end":{"line":10,"column":65}},"3":{"start":{"line":11,"column":17},"end":{"line":11,"column":29}},"4":{"start":{"line":13,"column":2},"end":{"line":15,"column":3}},"5":{"start":{"line":14,"column":4},"end":{"line":14,"column":73}},"6":{"start":{"line":17,"column":2},"end":{"line":29,"column":3}},"7":{"start":{"line":18,"column":23},"end":{"line":18,"column":39}},"8":{"start":{"line":19,"column":4},"end":{"line":19,"column":52}},"9":{"start":{"line":19,"column":22},"end":{"line":19,"column":52}},"10":{"start":{"line":21,"column":21},"end":{"line":23,"column":30}},"11":{"start":{"line":25,"column":4},"end":{"line":25,"column":35}},"12":{"start":{"line":27,"column":4},"end":{"line":27,"column":54}},"13":{"start":{"line":28,"column":4},"end":{"line":28,"column":65}},"14":{"start":{"line":9,"column":13},"end":{"line":9,"column":27}},"15":{"start":{"line":35,"column":29},"end":{"line":60,"column":1}},"16":{"start":{"line":36,"column":17},"end":{"line":36,"column":29}},"17":{"start":{"line":37,"column":2},"end":{"line":37,"column":75}},"18":{"start":{"line":37,"column":15},"end":{"line":37,"column":75}},"19":{"start":{"line":39,"column":2},"end":{"line":59,"column":3}},"20":{"start":{"line":43,"column":8},"end":{"line":43,"column":16}},"21":{"start":{"line":46,"column":4},"end":{"line":48,"column":5}},"22":{"start":{"line":47,"column":6},"end":{"line":47,"column":80}},"23":{"start":{"line":50,"column":24},"end":{"line":54,"column":6}},"24":{"start":{"line":56,"column":4},"end":{"line":56,"column":38}},"25":{"start":{"line":58,"column":4},"end":{"line":58,"column":63}},"26":{"start":{"line":35,"column":13},"end":{"line":35,"column":29}},"27":{"start":{"line":65,"column":29},"end":{"line":84,"column":1}},"28":{"start":{"line":66,"column":2},"end":{"line":83,"column":3}},"29":{"start":{"line":67,"column":19},"end":{"line":67,"column":32}},"30":{"start":{"line":68,"column":19},"end":{"line":68,"column":31}},"31":{"start":{"line":69,"column":20},"end":{"line":69,"column":50}},"32":{"start":{"line":71,"column":4},"end":{"line":73,"column":5}},"33":{"start":{"line":72,"column":6},"end":{"line":72,"column":73}},"34":{"start":{"line":75,"column":4},"end":{"line":77,"column":5}},"35":{"start":{"line":76,"column":6},"end":{"line":76,"column":89}},"36":{"start":{"line":79,"column":4},"end":{"line":79,"column":30}},"37":{"start":{"line":80,"column":4},"end":{"line":80,"column":82}},"38":{"start":{"line":82,"column":4},"end":{"line":82,"column":65}},"39":{"start":{"line":65,"column":13},"end":{"line":65,"column":29}},"40":{"start":{"line":89,"column":29},"end":{"line":116,"column":1}},"41":{"start":{"line":90,"column":2},"end":{"line":115,"column":3}},"42":{"start":{"line":91,"column":19},"end":{"line":91,"column":32}},"43":{"start":{"line":92,"column":19},"end":{"line":92,"column":31}},"44":{"start":{"line":93,"column":29},"end":{"line":93,"column":37}},"45":{"start":{"line":95,"column":4},"end":{"line":97,"column":5}},"46":{"start":{"line":96,"column":6},"end":{"line":96,"column":93}},"47":{"start":{"line":99,"column":20},"end":{"line":99,"column":50}},"48":{"start":{"line":101,"column":4},"end":{"line":103,"column":5}},"49":{"start":{"line":102,"column":6},"end":{"line":102,"column":73}},"50":{"start":{"line":105,"column":4},"end":{"line":107,"column":5}},"51":{"start":{"line":106,"column":6},"end":{"line":106,"column":66}},"52":{"start":{"line":109,"column":4},"end":{"line":109,"column":37}},"53":{"start":{"line":109,"column":15},"end":{"line":109,"column":37}},"54":{"start":{"line":110,"column":4},"end":{"line":110,"column":37}},"55":{"start":{"line":110,"column":15},"end":{"line":110,"column":37}},"56":{"start":{"line":111,"column":4},"end":{"line":111,"column":25}},"57":{"start":{"line":112,"column":4},"end":{"line":112,"column":34}},"58":{"start":{"line":114,"column":4},"end":{"line":114,"column":67}},"59":{"start":{"line":89,"column":13},"end":{"line":89,"column":29}}},"fnMap":{"0":{"name":"(anonymous_1)","decl":{"start":{"line":9,"column":27},"end":{"line":9,"column":32}},"loc":{"start":{"line":9,"column":70},"end":{"line":30,"column":1}}},"1":{"name":"(anonymous_2)","decl":{"start":{"line":35,"column":29},"end":{"line":35,"column":34}},"loc":{"start":{"line":35,"column":72},"end":{"line":60,"column":1}}},"2":{"name":"(anonymous_3)","decl":{"start":{"line":65,"column":29},"end":{"line":65,"column":34}},"loc":{"start":{"line":65,"column":72},"end":{"line":84,"column":1}}},"3":{"name":"(anonymous_4)","decl":{"start":{"line":89,"column":29},"end":{"line":89,"column":34}},"loc":{"start":{"line":89,"column":72},"end":{"line":116,"column":1}}}},"branchMap":{"0":{"loc":{"start":{"line":13,"column":2},"end":{"line":15,"column":3}},"type":"if","locations":[{"start":{"line":13,"column":2},"end":{"line":15,"column":3}},{"start":{},"end":{}}]},"1":{"loc":{"start":{"line":19,"column":4},"end":{"line":19,"column":52}},"type":"if","locations":[{"start":{"line":19,"column":4},"end":{"line":19,"column":52}},{"start":{},"end":{}}]},"2":{"loc":{"start":{"line":37,"column":2},"end":{"line":37,"column":75}},"type":"if","locations":[{"start":{"line":37,"column":2},"end":{"line":37,"column":75}},{"start":{},"end":{}}]},"3":{"loc":{"start":{"line":46,"column":4},"end":{"line":48,"column":5}},"type":"if","locations":[{"start":{"line":46,"column":4},"end":{"line":48,"column":5}},{"start":{},"end":{}}]},"4":{"loc":{"start":{"line":46,"column":8},"end":{"line":46,"column":83}},"type":"binary-expr","locations":[{"start":{"line":46,"column":8},"end":{"line":46,"column":14}},{"start":{"line":46,"column":18},"end":{"line":46,"column":24}},{"start":{"line":46,"column":28},"end":{"line":46,"column":41}},{"start":{"line":46,"column":45},"end":{"line":46,"column":54}},{"start":{"line":46,"column":58},"end":{"line":46,"column":67}},{"start":{"line":46,"column":71},"end":{"line":46,"column":83}}]},"5":{"loc":{"start":{"line":71,"column":4},"end":{"line":73,"column":5}},"type":"if","locations":[{"start":{"line":71,"column":4},"end":{"line":73,"column":5}},{"start":{},"end":{}}]},"6":{"loc":{"start":{"line":75,"column":4},"end":{"line":77,"column":5}},"type":"if","locations":[{"start":{"line":75,"column":4},"end":{"line":77,"column":5}},{"start":{},"end":{}}]},"7":{"loc":{"start":{"line":95,"column":4},"end":{"line":97,"column":5}},"type":"if","locations":[{"start":{"line":95,"column":4},"end":{"line":97,"column":5}},{"start":{},"end":{}}]},"8":{"loc":{"start":{"line":95,"column":8},"end":{"line":95,"column":24}},"type":"binary-expr","locations":[{"start":{"line":95,"column":8},"end":{"line":95,"column":14}},{"start":{"line":95,"column":18},"end":{"line":95,"column":24}}]},"9":{"loc":{"start":{"line":101,"column":4},"end":{"line":103,"column":5}},"type":"if","locations":[{"start":{"line":101,"column":4},"end":{"line":103,"column":5}},{"start":{},"end":{}}]},"10":{"loc":{"start":{"line":105,"column":4},"end":{"line":107,"column":5}},"type":"if","locations":[{"start":{"line":105,"column":4},"end":{"line":107,"column":5}},{"start":{},"end":{}}]},"11":{"loc":{"start":{"line":109,"column":4},"end":{"line":109,"column":37}},"type":"if","locations":[{"start":{"line":109,"column":4},"end":{"line":109,"column":37}},{"start":{},"end":{}}]},"12":{"loc":{"start":{"line":110,"column":4},"end":{"line":110,"column":37}},"type":"if","locations":[{"start":{"line":110,"column":4},"end":{"line":110,"column":37}},{"start":{},"end":{}}]}},"s":{"0":8,"1":8,"2":4,"3":4,"4":4,"5":0,"6":4,"7":4,"8":4,"9":2,"10":4,"11":4,"12":0,"13":0,"14":8,"15":8,"16":4,"17":4,"18":0,"19":4,"20":4,"21":4,"22":2,"23":2,"24":2,"25":0,"26":8,"27":8,"28":6,"29":6,"30":6,"31":6,"32":6,"33":2,"34":4,"35":2,"36":2,"37":2,"38":0,"39":8,"40":8,"41":4,"42":4,"43":4,"44":4,"45":4,"46":1,"47":3,"48":3,"49":1,"50":2,"51":1,"52":1,"53":1,"54":1,"55":1,"56":1,"57":1,"58":0,"59":8},"f":{"0":4,"1":4,"2":6,"3":4},"b":{"0":[0,4],"1":[2,2],"2":[0,4],"3":[2,2],"4":[4,4,2,2,2,2],"5":[2,4],"6":[2,2],"7":[1,3],"8":[4,1],"9":[1,2],"10":[1,1],"11":[1,0],"12":[1,0]}}
,"C:\\Users\\Ranzer\\OneDrive\\Área de Trabalho\\NotaGest\\Backend_NotaGest_4.0\\src\\controllers\\propertyController.ts": {"path":"C:\\Users\\Ranzer\\OneDrive\\Área de Trabalho\\NotaGest\\Backend_NotaGest_4.0\\src\\controllers\\propertyController.ts","statementMap":{"0":{"start":{"line":2,"column":0},"end":{"line":2,"column":42}},"1":{"start":{"line":3,"column":0},"end":{"line":3,"column":48}},"2":{"start":{"line":4,"column":0},"end":{"line":4,"column":45}},"3":{"start":{"line":11,"column":26},"end":{"line":24,"column":1}},"4":{"start":{"line":12,"column":4},"end":{"line":23,"column":5}},"5":{"start":{"line":13,"column":23},"end":{"line":13,"column":35}},"6":{"start":{"line":14,"column":8},"end":{"line":16,"column":9}},"7":{"start":{"line":15,"column":12},"end":{"line":15,"column":95}},"8":{"start":{"line":18,"column":24},"end":{"line":18,"column":77}},"9":{"start":{"line":19,"column":8},"end":{"line":19,"column":38}},"10":{"start":{"line":21,"column":8},"end":{"line":21,"column":62}},"11":{"start":{"line":22,"column":8},"end":{"line":22,"column":102}},"12":{"start":{"line":11,"column":13},"end":{"line":11,"column":26}},"13":{"start":{"line":30,"column":31},"end":{"line":43,"column":1}},"14":{"start":{"line":31,"column":4},"end":{"line":42,"column":5}},"15":{"start":{"line":32,"column":23},"end":{"line":32,"column":35}},"16":{"start":{"line":33,"column":8},"end":{"line":35,"column":9}},"17":{"start":{"line":34,"column":12},"end":{"line":34,"column":95}},"18":{"start":{"line":37,"column":24},"end":{"line":37,"column":74}},"19":{"start":{"line":38,"column":8},"end":{"line":38,"column":38}},"20":{"start":{"line":40,"column":8},"end":{"line":40,"column":76}},"21":{"start":{"line":41,"column":8},"end":{"line":41,"column":101}},"22":{"start":{"line":30,"column":13},"end":{"line":30,"column":31}},"23":{"start":{"line":49,"column":28},"end":{"line":102,"column":1}},"24":{"start":{"line":50,"column":4},"end":{"line":101,"column":5}},"25":{"start":{"line":51,"column":73},"end":{"line":51,"column":81}},"26":{"start":{"line":53,"column":8},"end":{"line":55,"column":9}},"27":{"start":{"line":54,"column":12},"end":{"line":54,"column":86}},"28":{"start":{"line":57,"column":26},"end":{"line":57,"column":41}},"29":{"start":{"line":58,"column":24},"end":{"line":58,"column":64}},"30":{"start":{"line":60,"column":8},"end":{"line":62,"column":9}},"31":{"start":{"line":61,"column":12},"end":{"line":61,"column":80}},"32":{"start":{"line":64,"column":27},"end":{"line":74,"column":10}},"33":{"start":{"line":76,"column":8},"end":{"line":76,"column":41}},"34":{"start":{"line":79,"column":8},"end":{"line":88,"column":9}},"35":{"start":{"line":80,"column":27},"end":{"line":83,"column":15}},"36":{"start":{"line":80,"column":73},"end":{"line":83,"column":14}},"37":{"start":{"line":84,"column":12},"end":{"line":87,"column":15}},"38":{"start":{"line":90,"column":8},"end":{"line":95,"column":9}},"39":{"start":{"line":91,"column":12},"end":{"line":94,"column":15}},"40":{"start":{"line":97,"column":8},"end":{"line":100,"column":11}},"41":{"start":{"line":49,"column":13},"end":{"line":49,"column":28}},"42":{"start":{"line":108,"column":28},"end":{"line":138,"column":1}},"43":{"start":{"line":109,"column":4},"end":{"line":137,"column":5}},"44":{"start":{"line":110,"column":27},"end":{"line":110,"column":40}},"45":{"start":{"line":112,"column":8},"end":{"line":114,"column":9}},"46":{"start":{"line":113,"column":12},"end":{"line":113,"column":84}},"47":{"start":{"line":117,"column":30},"end":{"line":117,"column":84}},"48":{"start":{"line":119,"column":8},"end":{"line":123,"column":9}},"49":{"start":{"line":120,"column":12},"end":{"line":122,"column":15}},"50":{"start":{"line":126,"column":24},"end":{"line":126,"column":66}},"51":{"start":{"line":128,"column":8},"end":{"line":130,"column":9}},"52":{"start":{"line":129,"column":12},"end":{"line":129,"column":79}},"53":{"start":{"line":132,"column":8},"end":{"line":132,"column":62}},"54":{"start":{"line":135,"column":8},"end":{"line":135,"column":66}},"55":{"start":{"line":136,"column":8},"end":{"line":136,"column":81}},"56":{"start":{"line":108,"column":13},"end":{"line":108,"column":28}}},"fnMap":{"0":{"name":"(anonymous_1)","decl":{"start":{"line":11,"column":26},"end":{"line":11,"column":31}},"loc":{"start":{"line":11,"column":69},"end":{"line":24,"column":1}}},"1":{"name":"(anonymous_2)","decl":{"start":{"line":30,"column":31},"end":{"line":30,"column":36}},"loc":{"start":{"line":30,"column":74},"end":{"line":43,"column":1}}},"2":{"name":"(anonymous_3)","decl":{"start":{"line":49,"column":28},"end":{"line":49,"column":33}},"loc":{"start":{"line":49,"column":71},"end":{"line":102,"column":1}}},"3":{"name":"(anonymous_4)","decl":{"start":{"line":80,"column":59},"end":{"line":80,"column":60}},"loc":{"start":{"line":80,"column":73},"end":{"line":83,"column":14}}},"4":{"name":"(anonymous_5)","decl":{"start":{"line":108,"column":28},"end":{"line":108,"column":33}},"loc":{"start":{"line":108,"column":71},"end":{"line":138,"column":1}}}},"branchMap":{"0":{"loc":{"start":{"line":14,"column":8},"end":{"line":16,"column":9}},"type":"if","locations":[{"start":{"line":14,"column":8},"end":{"line":16,"column":9}},{"start":{},"end":{}}]},"1":{"loc":{"start":{"line":33,"column":8},"end":{"line":35,"column":9}},"type":"if","locations":[{"start":{"line":33,"column":8},"end":{"line":35,"column":9}},{"start":{},"end":{}}]},"2":{"loc":{"start":{"line":53,"column":8},"end":{"line":55,"column":9}},"type":"if","locations":[{"start":{"line":53,"column":8},"end":{"line":55,"column":9}},{"start":{},"end":{}}]},"3":{"loc":{"start":{"line":60,"column":8},"end":{"line":62,"column":9}},"type":"if","locations":[{"start":{"line":60,"column":8},"end":{"line":62,"column":9}},{"start":{},"end":{}}]},"4":{"loc":{"start":{"line":79,"column":8},"end":{"line":88,"column":9}},"type":"if","locations":[{"start":{"line":79,"column":8},"end":{"line":88,"column":9}},{"start":{},"end":{}}]},"5":{"loc":{"start":{"line":90,"column":8},"end":{"line":95,"column":9}},"type":"if","locations":[{"start":{"line":90,"column":8},"end":{"line":95,"column":9}},{"start":{},"end":{}}]},"6":{"loc":{"start":{"line":112,"column":8},"end":{"line":114,"column":9}},"type":"if","locations":[{"start":{"line":112,"column":8},"end":{"line":114,"column":9}},{"start":{},"end":{}}]},"7":{"loc":{"start":{"line":119,"column":8},"end":{"line":123,"column":9}},"type":"if","locations":[{"start":{"line":119,"column":8},"end":{"line":123,"column":9}},{"start":{},"end":{}}]},"8":{"loc":{"start":{"line":128,"column":8},"end":{"line":130,"column":9}},"type":"if","locations":[{"start":{"line":128,"column":8},"end":{"line":130,"column":9}},{"start":{},"end":{}}]}},"s":{"0":8,"1":8,"2":8,"3":8,"4":3,"5":3,"6":3,"7":1,"8":2,"9":2,"10":0,"11":0,"12":8,"13":8,"14":3,"15":3,"16":3,"17":1,"18":2,"19":2,"20":0,"21":0,"22":8,"23":8,"24":5,"25":5,"26":5,"27":2,"28":3,"29":3,"30":3,"31":1,"32":2,"33":2,"34":0,"35":0,"36":0,"37":0,"38":0,"39":0,"40":0,"41":8,"42":8,"43":6,"44":6,"45":6,"46":0,"47":6,"48":6,"49":2,"50":4,"51":4,"52":2,"53":2,"54":0,"55":0,"56":8},"f":{"0":3,"1":3,"2":5,"3":0,"4":6},"b":{"0":[1,2],"1":[1,2],"2":[2,3],"3":[1,2],"4":[0,0],"5":[0,0],"6":[0,6],"7":[2,4],"8":[2,2]}}
,"C:\\Users\\Ranzer\\OneDrive\\Área de Trabalho\\NotaGest\\Backend_NotaGest_4.0\\src\\controllers\\userController.ts": {"path":"C:\\Users\\Ranzer\\OneDrive\\Área de Trabalho\\NotaGest\\Backend_NotaGest_4.0\\src\\controllers\\userController.ts","statementMap":{"0":{"start":{"line":2,"column":0},"end":{"line":2,"column":30}},"1":{"start":{"line":3,"column":0},"end":{"line":3,"column":31}},"2":{"start":{"line":4,"column":0},"end":{"line":4,"column":58}},"3":{"start":{"line":5,"column":0},"end":{"line":5,"column":42}},"4":{"start":{"line":8,"column":0},"end":{"line":8,"column":44}},"5":{"start":{"line":18,"column":30},"end":{"line":60,"column":1}},"6":{"start":{"line":19,"column":20},"end":{"line":19,"column":33}},"7":{"start":{"line":20,"column":30},"end":{"line":20,"column":42}},"8":{"start":{"line":22,"column":2},"end":{"line":22,"column":100}},"9":{"start":{"line":24,"column":2},"end":{"line":28,"column":3}},"10":{"start":{"line":25,"column":4},"end":{"line":27,"column":7}},"11":{"start":{"line":30,"column":2},"end":{"line":38,"column":3}},"12":{"start":{"line":31,"column":4},"end":{"line":35,"column":7}},"13":{"start":{"line":37,"column":4},"end":{"line":37,"column":65}},"14":{"start":{"line":40,"column":2},"end":{"line":59,"column":3}},"15":{"start":{"line":41,"column":17},"end":{"line":41,"column":60}},"16":{"start":{"line":42,"column":4},"end":{"line":45,"column":5}},"17":{"start":{"line":43,"column":6},"end":{"line":43,"column":100}},"18":{"start":{"line":44,"column":6},"end":{"line":44,"column":73}},"19":{"start":{"line":47,"column":4},"end":{"line":47,"column":94}},"20":{"start":{"line":48,"column":4},"end":{"line":48,"column":31}},"21":{"start":{"line":50,"column":4},"end":{"line":57,"column":7}},"22":{"start":{"line":58,"column":4},"end":{"line":58,"column":72}},"23":{"start":{"line":18,"column":13},"end":{"line":18,"column":30}},"24":{"start":{"line":63,"column":33},"end":{"line":152,"column":1}},"25":{"start":{"line":64,"column":20},"end":{"line":64,"column":33}},"26":{"start":{"line":65,"column":30},"end":{"line":65,"column":42}},"27":{"start":{"line":67,"column":2},"end":{"line":70,"column":5}},"28":{"start":{"line":72,"column":2},"end":{"line":79,"column":3}},"29":{"start":{"line":73,"column":4},"end":{"line":76,"column":7}},"30":{"start":{"line":78,"column":4},"end":{"line":78,"column":81}},"31":{"start":{"line":82,"column":2},"end":{"line":92,"column":3}},"32":{"start":{"line":83,"column":4},"end":{"line":87,"column":7}},"33":{"start":{"line":89,"column":4},"end":{"line":91,"column":7}},"34":{"start":{"line":94,"column":2},"end":{"line":151,"column":3}},"35":{"start":{"line":95,"column":28},"end":{"line":95,"column":36}},"36":{"start":{"line":98,"column":4},"end":{"line":105,"column":5}},"37":{"start":{"line":99,"column":6},"end":{"line":102,"column":9}},"38":{"start":{"line":104,"column":6},"end":{"line":104,"column":88}},"39":{"start":{"line":108,"column":4},"end":{"line":116,"column":5}},"40":{"start":{"line":109,"column":6},"end":{"line":113,"column":9}},"41":{"start":{"line":115,"column":6},"end":{"line":115,"column":66}},"42":{"start":{"line":118,"column":24},"end":{"line":118,"column":76}},"43":{"start":{"line":120,"column":4},"end":{"line":127,"column":5}},"44":{"start":{"line":121,"column":6},"end":{"line":124,"column":9}},"45":{"start":{"line":126,"column":6},"end":{"line":126,"column":84}},"46":{"start":{"line":129,"column":4},"end":{"line":133,"column":7}},"47":{"start":{"line":135,"column":4},"end":{"line":138,"column":7}},"48":{"start":{"line":141,"column":4},"end":{"line":148,"column":7}},"49":{"start":{"line":150,"column":4},"end":{"line":150,"column":69}},"50":{"start":{"line":63,"column":13},"end":{"line":63,"column":33}},"51":{"start":{"line":154,"column":30},"end":{"line":202,"column":1}},"52":{"start":{"line":155,"column":64},"end":{"line":155,"column":72}},"53":{"start":{"line":156,"column":20},"end":{"line":156,"column":35}},"54":{"start":{"line":158,"column":2},"end":{"line":158,"column":61}},"55":{"start":{"line":160,"column":2},"end":{"line":162,"column":3}},"56":{"start":{"line":161,"column":4},"end":{"line":161,"column":73}},"57":{"start":{"line":164,"column":2},"end":{"line":201,"column":3}},"58":{"start":{"line":165,"column":4},"end":{"line":167,"column":5}},"59":{"start":{"line":166,"column":6},"end":{"line":166,"column":88}},"60":{"start":{"line":169,"column":17},"end":{"line":169,"column":57}},"61":{"start":{"line":170,"column":4},"end":{"line":170,"column":82}},"62":{"start":{"line":170,"column":15},"end":{"line":170,"column":82}},"63":{"start":{"line":172,"column":20},"end":{"line":172,"column":69}},"64":{"start":{"line":173,"column":4},"end":{"line":181,"column":5}},"65":{"start":{"line":174,"column":6},"end":{"line":178,"column":9}},"66":{"start":{"line":180,"column":6},"end":{"line":180,"column":73}},"67":{"start":{"line":183,"column":17},"end":{"line":183,"column":41}},"68":{"start":{"line":184,"column":27},"end":{"line":184,"column":63}},"69":{"start":{"line":186,"column":4},"end":{"line":186,"column":32}},"70":{"start":{"line":187,"column":4},"end":{"line":187,"column":22}},"71":{"start":{"line":189,"column":4},"end":{"line":189,"column":61}},"72":{"start":{"line":191,"column":4},"end":{"line":191,"column":69}},"73":{"start":{"line":193,"column":4},"end":{"line":199,"column":7}},"74":{"start":{"line":200,"column":4},"end":{"line":200,"column":64}},"75":{"start":{"line":154,"column":13},"end":{"line":154,"column":30}},"76":{"start":{"line":205,"column":26},"end":{"line":241,"column":1}},"77":{"start":{"line":206,"column":20},"end":{"line":206,"column":33}},"78":{"start":{"line":207,"column":30},"end":{"line":207,"column":42}},"79":{"start":{"line":209,"column":2},"end":{"line":209,"column":103}},"80":{"start":{"line":211,"column":2},"end":{"line":213,"column":3}},"81":{"start":{"line":212,"column":4},"end":{"line":212,"column":81}},"82":{"start":{"line":215,"column":2},"end":{"line":220,"column":3}},"83":{"start":{"line":216,"column":4},"end":{"line":216,"column":113}},"84":{"start":{"line":217,"column":4},"end":{"line":219,"column":7}},"85":{"start":{"line":222,"column":2},"end":{"line":240,"column":3}},"86":{"start":{"line":223,"column":23},"end":{"line":223,"column":69}},"87":{"start":{"line":224,"column":4},"end":{"line":226,"column":5}},"88":{"start":{"line":225,"column":6},"end":{"line":225,"column":87}},"89":{"start":{"line":228,"column":4},"end":{"line":228,"column":70}},"90":{"start":{"line":230,"column":4},"end":{"line":230,"column":27}},"91":{"start":{"line":232,"column":4},"end":{"line":238,"column":7}},"92":{"start":{"line":239,"column":4},"end":{"line":239,"column":74}},"93":{"start":{"line":205,"column":13},"end":{"line":205,"column":26}},"94":{"start":{"line":244,"column":37},"end":{"line":275,"column":1}},"95":{"start":{"line":245,"column":44},"end":{"line":245,"column":52}},"96":{"start":{"line":247,"column":2},"end":{"line":247,"column":97}},"97":{"start":{"line":249,"column":2},"end":{"line":251,"column":3}},"98":{"start":{"line":250,"column":4},"end":{"line":250,"column":86}},"99":{"start":{"line":253,"column":2},"end":{"line":274,"column":3}},"100":{"start":{"line":254,"column":23},"end":{"line":254,"column":74}},"101":{"start":{"line":256,"column":4},"end":{"line":256,"column":56}},"102":{"start":{"line":258,"column":4},"end":{"line":261,"column":7}},"103":{"start":{"line":263,"column":4},"end":{"line":265,"column":5}},"104":{"start":{"line":264,"column":6},"end":{"line":264,"column":68}},"105":{"start":{"line":266,"column":4},"end":{"line":272,"column":7}},"106":{"start":{"line":273,"column":4},"end":{"line":273,"column":55}},"107":{"start":{"line":244,"column":13},"end":{"line":244,"column":37}},"108":{"start":{"line":278,"column":30},"end":{"line":309,"column":1}},"109":{"start":{"line":279,"column":2},"end":{"line":279,"column":73}},"110":{"start":{"line":281,"column":2},"end":{"line":308,"column":3}},"111":{"start":{"line":282,"column":22},"end":{"line":282,"column":37}},"112":{"start":{"line":284,"column":4},"end":{"line":286,"column":5}},"113":{"start":{"line":285,"column":6},"end":{"line":285,"column":78}},"114":{"start":{"line":288,"column":17},"end":{"line":288,"column":78}},"115":{"start":{"line":290,"column":4},"end":{"line":292,"column":5}},"116":{"start":{"line":291,"column":6},"end":{"line":291,"column":73}},"117":{"start":{"line":294,"column":4},"end":{"line":294,"column":63}},"118":{"start":{"line":296,"column":4},"end":{"line":299,"column":7}},"119":{"start":{"line":301,"column":4},"end":{"line":306,"column":7}},"120":{"start":{"line":307,"column":4},"end":{"line":307,"column":64}},"121":{"start":{"line":278,"column":13},"end":{"line":278,"column":30}},"122":{"start":{"line":314,"column":22},"end":{"line":316,"column":1}},"123":{"start":{"line":315,"column":2},"end":{"line":315,"column":96}},"124":{"start":{"line":321,"column":25},"end":{"line":344,"column":1}},"125":{"start":{"line":322,"column":27},"end":{"line":322,"column":35}},"126":{"start":{"line":324,"column":2},"end":{"line":343,"column":3}},"127":{"start":{"line":325,"column":17},"end":{"line":325,"column":46}},"128":{"start":{"line":326,"column":4},"end":{"line":326,"column":82}},"129":{"start":{"line":326,"column":15},"end":{"line":326,"column":82}},"130":{"start":{"line":328,"column":20},"end":{"line":328,"column":59}},"131":{"start":{"line":329,"column":4},"end":{"line":329,"column":85}},"132":{"start":{"line":329,"column":18},"end":{"line":329,"column":85}},"133":{"start":{"line":331,"column":18},"end":{"line":331,"column":84}},"134":{"start":{"line":333,"column":4},"end":{"line":333,"column":79}},"135":{"start":{"line":335,"column":4},"end":{"line":339,"column":7}},"136":{"start":{"line":341,"column":4},"end":{"line":341,"column":66}},"137":{"start":{"line":342,"column":4},"end":{"line":342,"column":59}},"138":{"start":{"line":321,"column":13},"end":{"line":321,"column":25}},"139":{"start":{"line":349,"column":28},"end":{"line":379,"column":1}},"140":{"start":{"line":350,"column":33},"end":{"line":350,"column":41}},"141":{"start":{"line":352,"column":2},"end":{"line":354,"column":3}},"142":{"start":{"line":353,"column":4},"end":{"line":353,"column":82}},"143":{"start":{"line":356,"column":2},"end":{"line":378,"column":3}},"144":{"start":{"line":357,"column":25},"end":{"line":357,"column":54}},"145":{"start":{"line":358,"column":4},"end":{"line":360,"column":5}},"146":{"start":{"line":359,"column":6},"end":{"line":359,"column":72}},"147":{"start":{"line":362,"column":17},"end":{"line":362,"column":41}},"148":{"start":{"line":363,"column":27},"end":{"line":363,"column":57}},"149":{"start":{"line":365,"column":20},"end":{"line":365,"column":80}},"150":{"start":{"line":366,"column":18},"end":{"line":366,"column":93}},"151":{"start":{"line":368,"column":4},"end":{"line":368,"column":90}},"152":{"start":{"line":370,"column":4},"end":{"line":374,"column":7}},"153":{"start":{"line":376,"column":4},"end":{"line":376,"column":69}},"154":{"start":{"line":377,"column":4},"end":{"line":377,"column":59}},"155":{"start":{"line":349,"column":13},"end":{"line":349,"column":28}}},"fnMap":{"0":{"name":"(anonymous_10)","decl":{"start":{"line":18,"column":30},"end":{"line":18,"column":35}},"loc":{"start":{"line":18,"column":73},"end":{"line":60,"column":1}}},"1":{"name":"(anonymous_11)","decl":{"start":{"line":63,"column":33},"end":{"line":63,"column":38}},"loc":{"start":{"line":63,"column":76},"end":{"line":152,"column":1}}},"2":{"name":"(anonymous_12)","decl":{"start":{"line":154,"column":30},"end":{"line":154,"column":35}},"loc":{"start":{"line":154,"column":73},"end":{"line":202,"column":1}}},"3":{"name":"(anonymous_13)","decl":{"start":{"line":205,"column":26},"end":{"line":205,"column":31}},"loc":{"start":{"line":205,"column":69},"end":{"line":241,"column":1}}},"4":{"name":"(anonymous_14)","decl":{"start":{"line":244,"column":37},"end":{"line":244,"column":42}},"loc":{"start":{"line":244,"column":80},"end":{"line":275,"column":1}}},"5":{"name":"(anonymous_15)","decl":{"start":{"line":278,"column":30},"end":{"line":278,"column":35}},"loc":{"start":{"line":278,"column":73},"end":{"line":309,"column":1}}},"6":{"name":"(anonymous_16)","decl":{"start":{"line":314,"column":22},"end":{"line":314,"column":23}},"loc":{"start":{"line":314,"column":66},"end":{"line":316,"column":1}}},"7":{"name":"(anonymous_17)","decl":{"start":{"line":321,"column":25},"end":{"line":321,"column":30}},"loc":{"start":{"line":321,"column":59},"end":{"line":344,"column":1}}},"8":{"name":"(anonymous_18)","decl":{"start":{"line":349,"column":28},"end":{"line":349,"column":33}},"loc":{"start":{"line":349,"column":62},"end":{"line":379,"column":1}}}},"branchMap":{"0":{"loc":{"start":{"line":24,"column":2},"end":{"line":28,"column":3}},"type":"if","locations":[{"start":{"line":24,"column":2},"end":{"line":28,"column":3}},{"start":{},"end":{}}]},"1":{"loc":{"start":{"line":24,"column":6},"end":{"line":24,"column":40}},"type":"binary-expr","locations":[{"start":{"line":24,"column":6},"end":{"line":24,"column":16}},{"start":{"line":24,"column":20},"end":{"line":24,"column":40}}]},"2":{"loc":{"start":{"line":30,"column":2},"end":{"line":38,"column":3}},"type":"if","locations":[{"start":{"line":30,"column":2},"end":{"line":38,"column":3}},{"start":{},"end":{}}]},"3":{"loc":{"start":{"line":42,"column":4},"end":{"line":45,"column":5}},"type":"if","locations":[{"start":{"line":42,"column":4},"end":{"line":45,"column":5}},{"start":{},"end":{}}]},"4":{"loc":{"start":{"line":72,"column":2},"end":{"line":79,"column":3}},"type":"if","locations":[{"start":{"line":72,"column":2},"end":{"line":79,"column":3}},{"start":{},"end":{}}]},"5":{"loc":{"start":{"line":72,"column":6},"end":{"line":72,"column":40}},"type":"binary-expr","locations":[{"start":{"line":72,"column":6},"end":{"line":72,"column":16}},{"start":{"line":72,"column":20},"end":{"line":72,"column":40}}]},"6":{"loc":{"start":{"line":82,"column":2},"end":{"line":92,"column":3}},"type":"if","locations":[{"start":{"line":82,"column":2},"end":{"line":92,"column":3}},{"start":{},"end":{}}]},"7":{"loc":{"start":{"line":98,"column":4},"end":{"line":105,"column":5}},"type":"if","locations":[{"start":{"line":98,"column":4},"end":{"line":105,"column":5}},{"start":{},"end":{}}]},"8":{"loc":{"start":{"line":98,"column":8},"end":{"line":98,"column":47}},"type":"binary-expr","locations":[{"start":{"line":98,"column":8},"end":{"line":98,"column":13}},{"start":{"line":98,"column":17},"end":{"line":98,"column":47}}]},"9":{"loc":{"start":{"line":108,"column":4},"end":{"line":116,"column":5}},"type":"if","locations":[{"start":{"line":108,"column":4},"end":{"line":116,"column":5}},{"start":{},"end":{}}]},"10":{"loc":{"start":{"line":108,"column":8},"end":{"line":108,"column":47}},"type":"binary-expr","locations":[{"start":{"line":108,"column":8},"end":{"line":108,"column":18}},{"start":{"line":108,"column":22},"end":{"line":108,"column":47}}]},"11":{"loc":{"start":{"line":120,"column":4},"end":{"line":127,"column":5}},"type":"if","locations":[{"start":{"line":120,"column":4},"end":{"line":127,"column":5}},{"start":{},"end":{}}]},"12":{"loc":{"start":{"line":160,"column":2},"end":{"line":162,"column":3}},"type":"if","locations":[{"start":{"line":160,"column":2},"end":{"line":162,"column":3}},{"start":{},"end":{}}]},"13":{"loc":{"start":{"line":165,"column":4},"end":{"line":167,"column":5}},"type":"if","locations":[{"start":{"line":165,"column":4},"end":{"line":167,"column":5}},{"start":{},"end":{}}]},"14":{"loc":{"start":{"line":165,"column":8},"end":{"line":165,"column":40}},"type":"binary-expr","locations":[{"start":{"line":165,"column":8},"end":{"line":165,"column":24}},{"start":{"line":165,"column":28},"end":{"line":165,"column":40}}]},"15":{"loc":{"start":{"line":170,"column":4},"end":{"line":170,"column":82}},"type":"if","locations":[{"start":{"line":170,"column":4},"end":{"line":170,"column":82}},{"start":{},"end":{}}]},"16":{"loc":{"start":{"line":173,"column":4},"end":{"line":181,"column":5}},"type":"if","locations":[{"start":{"line":173,"column":4},"end":{"line":181,"column":5}},{"start":{},"end":{}}]},"17":{"loc":{"start":{"line":194,"column":15},"end":{"line":194,"column":71}},"type":"cond-expr","locations":[{"start":{"line":194,"column":38},"end":{"line":194,"column":49}},{"start":{"line":194,"column":52},"end":{"line":194,"column":71}}]},"18":{"loc":{"start":{"line":195,"column":13},"end":{"line":195,"column":57}},"type":"cond-expr","locations":[{"start":{"line":195,"column":36},"end":{"line":195,"column":45}},{"start":{"line":195,"column":48},"end":{"line":195,"column":57}}]},"19":{"loc":{"start":{"line":211,"column":2},"end":{"line":213,"column":3}},"type":"if","locations":[{"start":{"line":211,"column":2},"end":{"line":213,"column":3}},{"start":{},"end":{}}]},"20":{"loc":{"start":{"line":211,"column":6},"end":{"line":211,"column":40}},"type":"binary-expr","locations":[{"start":{"line":211,"column":6},"end":{"line":211,"column":16}},{"start":{"line":211,"column":20},"end":{"line":211,"column":40}}]},"21":{"loc":{"start":{"line":215,"column":2},"end":{"line":220,"column":3}},"type":"if","locations":[{"start":{"line":215,"column":2},"end":{"line":220,"column":3}},{"start":{},"end":{}}]},"22":{"loc":{"start":{"line":224,"column":4},"end":{"line":226,"column":5}},"type":"if","locations":[{"start":{"line":224,"column":4},"end":{"line":226,"column":5}},{"start":{},"end":{}}]},"23":{"loc":{"start":{"line":249,"column":2},"end":{"line":251,"column":3}},"type":"if","locations":[{"start":{"line":249,"column":2},"end":{"line":251,"column":3}},{"start":{},"end":{}}]},"24":{"loc":{"start":{"line":249,"column":6},"end":{"line":249,"column":31}},"type":"binary-expr","locations":[{"start":{"line":249,"column":6},"end":{"line":249,"column":11}},{"start":{"line":249,"column":15},"end":{"line":249,"column":21}},{"start":{"line":249,"column":25},"end":{"line":249,"column":31}}]},"25":{"loc":{"start":{"line":263,"column":4},"end":{"line":265,"column":5}},"type":"if","locations":[{"start":{"line":263,"column":4},"end":{"line":265,"column":5}},{"start":{},"end":{}}]},"26":{"loc":{"start":{"line":284,"column":4},"end":{"line":286,"column":5}},"type":"if","locations":[{"start":{"line":284,"column":4},"end":{"line":286,"column":5}},{"start":{},"end":{}}]},"27":{"loc":{"start":{"line":290,"column":4},"end":{"line":292,"column":5}},"type":"if","locations":[{"start":{"line":290,"column":4},"end":{"line":292,"column":5}},{"start":{},"end":{}}]},"28":{"loc":{"start":{"line":302,"column":15},"end":{"line":302,"column":71}},"type":"cond-expr","locations":[{"start":{"line":302,"column":38},"end":{"line":302,"column":49}},{"start":{"line":302,"column":52},"end":{"line":302,"column":71}}]},"29":{"loc":{"start":{"line":303,"column":13},"end":{"line":303,"column":57}},"type":"cond-expr","locations":[{"start":{"line":303,"column":36},"end":{"line":303,"column":45}},{"start":{"line":303,"column":48},"end":{"line":303,"column":57}}]},"30":{"loc":{"start":{"line":315,"column":39},"end":{"line":315,"column":73}},"type":"binary-expr","locations":[{"start":{"line":315,"column":39},"end":{"line":315,"column":61}},{"start":{"line":315,"column":65},"end":{"line":315,"column":73}}]},"31":{"loc":{"start":{"line":326,"column":4},"end":{"line":326,"column":82}},"type":"if","locations":[{"start":{"line":326,"column":4},"end":{"line":326,"column":82}},{"start":{},"end":{}}]},"32":{"loc":{"start":{"line":329,"column":4},"end":{"line":329,"column":85}},"type":"if","locations":[{"start":{"line":329,"column":4},"end":{"line":329,"column":85}},{"start":{},"end":{}}]},"33":{"loc":{"start":{"line":352,"column":2},"end":{"line":354,"column":3}},"type":"if","locations":[{"start":{"line":352,"column":2},"end":{"line":354,"column":3}},{"start":{},"end":{}}]},"34":{"loc":{"start":{"line":352,"column":6},"end":{"line":352,"column":31}},"type":"binary-expr","locations":[{"start":{"line":352,"column":6},"end":{"line":352,"column":11}},{"start":{"line":352,"column":15},"end":{"line":352,"column":21}},{"start":{"line":352,"column":25},"end":{"line":352,"column":31}}]},"35":{"loc":{"start":{"line":358,"column":4},"end":{"line":360,"column":5}},"type":"if","locations":[{"start":{"line":358,"column":4},"end":{"line":360,"column":5}},{"start":{},"end":{}}]}},"s":{"0":8,"1":8,"2":8,"3":8,"4":8,"5":8,"6":3,"7":3,"8":3,"9":3,"10":1,"11":2,"12":1,"13":1,"14":1,"15":1,"16":1,"17":0,"18":0,"19":1,"20":1,"21":0,"22":0,"23":8,"24":8,"25":5,"26":5,"27":5,"28":5,"29":0,"30":0,"31":5,"32":0,"33":0,"34":5,"35":5,"36":5,"37":1,"38":1,"39":4,"40":1,"41":1,"42":3,"43":2,"44":1,"45":1,"46":1,"47":1,"48":1,"49":1,"50":8,"51":8,"52":5,"53":5,"54":5,"55":5,"56":0,"57":5,"58":5,"59":1,"60":4,"61":3,"62":1,"63":2,"64":2,"65":1,"66":1,"67":1,"68":1,"69":1,"70":1,"71":1,"72":1,"73":1,"74":1,"75":8,"76":8,"77":3,"78":3,"79":3,"80":3,"81":0,"82":3,"83":0,"84":0,"85":3,"86":3,"87":2,"88":1,"89":1,"90":1,"91":1,"92":1,"93":8,"94":8,"95":5,"96":5,"97":5,"98":2,"99":3,"100":3,"101":1,"102":1,"103":2,"104":1,"105":1,"106":1,"107":8,"108":8,"109":4,"110":4,"111":4,"112":4,"113":1,"114":3,"115":2,"116":1,"117":1,"118":1,"119":1,"120":1,"121":8,"122":8,"123":2,"124":8,"125":2,"126":2,"127":2,"128":2,"129":0,"130":2,"131":2,"132":1,"133":1,"134":1,"135":1,"136":0,"137":0,"138":8,"139":8,"140":2,"141":2,"142":0,"143":2,"144":2,"145":2,"146":1,"147":1,"148":1,"149":1,"150":1,"151":1,"152":1,"153":0,"154":0,"155":8},"f":{"0":3,"1":5,"2":5,"3":3,"4":5,"5":4,"6":2,"7":2,"8":2},"b":{"0":[1,2],"1":[3,2],"2":[1,1],"3":[0,1],"4":[0,5],"5":[5,5],"6":[0,5],"7":[1,4],"8":[5,5],"9":[1,3],"10":[4,1],"11":[1,1],"12":[0,5],"13":[1,4],"14":[5,4],"15":[1,2],"16":[1,1],"17":[1,0],"18":[1,0],"19":[0,3],"20":[3,3],"21":[0,3],"22":[1,1],"23":[2,3],"24":[5,5,3],"25":[1,1],"26":[1,3],"27":[1,1],"28":[1,0],"29":[1,0],"30":[2,0],"31":[0,2],"32":[1,1],"33":[0,2],"34":[2,2,2],"35":[1,1]}}
,"C:\\Users\\Ranzer\\OneDrive\\Área de Trabalho\\NotaGest\\Backend_NotaGest_4.0\\src\\middleware\\auth.ts": {"path":"C:\\Users\\Ranzer\\OneDrive\\Área de Trabalho\\NotaGest\\Backend_NotaGest_4.0\\src\\middleware\\auth.ts","statementMap":{"0":{"start":{"line":2,"column":0},"end":{"line":2,"column":31}},"1":{"start":{"line":4,"column":0},"end":{"line":4,"column":28}},"2":{"start":{"line":5,"column":0},"end":{"line":5,"column":44}},"3":{"start":{"line":7,"column":0},"end":{"line":7,"column":16}},"4":{"start":{"line":9,"column":23},"end":{"line":56,"column":1}},"5":{"start":{"line":10,"column":4},"end":{"line":10,"column":91}},"6":{"start":{"line":14,"column":4},"end":{"line":55,"column":5}},"7":{"start":{"line":15,"column":8},"end":{"line":46,"column":9}},"8":{"start":{"line":16,"column":12},"end":{"line":16,"column":60}},"9":{"start":{"line":18,"column":12},"end":{"line":25,"column":13}},"10":{"start":{"line":19,"column":16},"end":{"line":22,"column":19}},"11":{"start":{"line":24,"column":16},"end":{"line":24,"column":87}},"12":{"start":{"line":27,"column":27},"end":{"line":27,"column":59}},"13":{"start":{"line":29,"column":28},"end":{"line":29,"column":86}},"14":{"start":{"line":31,"column":12},"end":{"line":34,"column":14}},"15":{"start":{"line":36,"column":12},"end":{"line":36,"column":19}},"16":{"start":{"line":39,"column":12},"end":{"line":43,"column":15}},"17":{"start":{"line":45,"column":12},"end":{"line":45,"column":89}},"18":{"start":{"line":49,"column":8},"end":{"line":52,"column":11}},"19":{"start":{"line":54,"column":8},"end":{"line":54,"column":89}},"20":{"start":{"line":9,"column":13},"end":{"line":9,"column":23}},"21":{"start":{"line":58,"column":0},"end":{"line":58,"column":23}}},"fnMap":{"0":{"name":"(anonymous_1)","decl":{"start":{"line":9,"column":23},"end":{"line":9,"column":24}},"loc":{"start":{"line":9,"column":80},"end":{"line":56,"column":1}}}},"branchMap":{"0":{"loc":{"start":{"line":14,"column":4},"end":{"line":55,"column":5}},"type":"if","locations":[{"start":{"line":14,"column":4},"end":{"line":55,"column":5}},{"start":{"line":47,"column":11},"end":{"line":55,"column":5}}]},"1":{"loc":{"start":{"line":14,"column":8},"end":{"line":14,"column":83}},"type":"binary-expr","locations":[{"start":{"line":14,"column":8},"end":{"line":14,"column":33}},{"start":{"line":14,"column":37},"end":{"line":14,"column":83}}]},"2":{"loc":{"start":{"line":18,"column":12},"end":{"line":25,"column":13}},"type":"if","locations":[{"start":{"line":18,"column":12},"end":{"line":25,"column":13}},{"start":{},"end":{}}]},"3":{"loc":{"start":{"line":18,"column":16},"end":{"line":18,"column":42}},"type":"binary-expr","locations":[{"start":{"line":18,"column":16},"end":{"line":18,"column":22}},{"start":{"line":18,"column":26},"end":{"line":18,"column":42}}]}},"s":{"0":7,"1":7,"2":7,"3":7,"4":7,"5":47,"6":47,"7":45,"8":45,"9":45,"10":1,"11":1,"12":44,"13":44,"14":43,"15":43,"16":1,"17":1,"18":2,"19":2,"20":7,"21":7},"f":{"0":47},"b":{"0":[45,2],"1":[47,45],"2":[1,44],"3":[45,45]}}
,"C:\\Users\\Ranzer\\OneDrive\\Área de Trabalho\\NotaGest\\Backend_NotaGest_4.0\\src\\middleware\\errorMiddleware.ts": {"path":"C:\\Users\\Ranzer\\OneDrive\\Área de Trabalho\\NotaGest\\Backend_NotaGest_4.0\\src\\middleware\\errorMiddleware.ts","statementMap":{"0":{"start":{"line":2,"column":0},"end":{"line":2,"column":44}},"1":{"start":{"line":4,"column":31},"end":{"line":25,"column":1}},"2":{"start":{"line":11,"column":2},"end":{"line":19,"column":5}},"3":{"start":{"line":22,"column":2},"end":{"line":24,"column":5}},"4":{"start":{"line":4,"column":13},"end":{"line":4,"column":31}}},"fnMap":{"0":{"name":"(anonymous_0)","decl":{"start":{"line":4,"column":31},"end":{"line":4,"column":36}},"loc":{"start":{"line":9,"column":19},"end":{"line":25,"column":1}}}},"branchMap":{"0":{"loc":{"start":{"line":22,"column":13},"end":{"line":22,"column":30}},"type":"binary-expr","locations":[{"start":{"line":22,"column":13},"end":{"line":22,"column":23}},{"start":{"line":22,"column":27},"end":{"line":22,"column":30}}]},"1":{"loc":{"start":{"line":23,"column":11},"end":{"line":23,"column":52}},"type":"binary-expr","locations":[{"start":{"line":23,"column":11},"end":{"line":23,"column":22}},{"start":{"line":23,"column":26},"end":{"line":23,"column":52}}]}},"s":{"0":8,"1":8,"2":2,"3":2,"4":8},"f":{"0":2},"b":{"0":[2,1],"1":[2,0]}}
,"C:\\Users\\Ranzer\\OneDrive\\Área de Trabalho\\NotaGest\\Backend_NotaGest_4.0\\src\\middleware\\requestLogger.ts": {"path":"C:\\Users\\Ranzer\\OneDrive\\Área de Trabalho\\NotaGest\\Backend_NotaGest_4.0\\src\\middleware\\requestLogger.ts","statementMap":{"0":{"start":{"line":2,"column":0},"end":{"line":2,"column":44}},"1":{"start":{"line":4,"column":29},"end":{"line":24,"column":1}},"2":{"start":{"line":5,"column":16},"end":{"line":5,"column":26}},"3":{"start":{"line":7,"column":2},"end":{"line":21,"column":5}},"4":{"start":{"line":8,"column":21},"end":{"line":8,"column":39}},"5":{"start":{"line":10,"column":4},"end":{"line":20,"column":7}},"6":{"start":{"line":23,"column":2},"end":{"line":23,"column":9}},"7":{"start":{"line":4,"column":13},"end":{"line":4,"column":29}}},"fnMap":{"0":{"name":"(anonymous_0)","decl":{"start":{"line":4,"column":29},"end":{"line":4,"column":30}},"loc":{"start":{"line":4,"column":87},"end":{"line":24,"column":1}}},"1":{"name":"(anonymous_1)","decl":{"start":{"line":7,"column":19},"end":{"line":7,"column":24}},"loc":{"start":{"line":7,"column":30},"end":{"line":21,"column":3}}}},"branchMap":{},"s":{"0":7,"1":7,"2":58,"3":58,"4":58,"5":58,"6":58,"7":7},"f":{"0":58,"1":58},"b":{}}
,"C:\\Users\\Ranzer\\OneDrive\\Área de Trabalho\\NotaGest\\Backend_NotaGest_4.0\\src\\middleware\\uploads.ts": {"path":"C:\\Users\\Ranzer\\OneDrive\\Área de Trabalho\\NotaGest\\Backend_NotaGest_4.0\\src\\middleware\\uploads.ts","statementMap":{"0":{"start":{"line":1,"column":0},"end":{"line":1,"column":47}},"1":{"start":{"line":2,"column":0},"end":{"line":2,"column":24}},"2":{"start":{"line":3,"column":0},"end":{"line":3,"column":20}},"3":{"start":{"line":10,"column":28},"end":{"line":17,"column":1}},"4":{"start":{"line":11,"column":24},"end":{"line":11,"column":63}},"5":{"start":{"line":13,"column":4},"end":{"line":15,"column":5}},"6":{"start":{"line":14,"column":8},"end":{"line":14,"column":55}},"7":{"start":{"line":16,"column":4},"end":{"line":16,"column":23}},"8":{"start":{"line":20,"column":31},"end":{"line":34,"column":2}},"9":{"start":{"line":23,"column":8},"end":{"line":25,"column":9}},"10":{"start":{"line":24,"column":12},"end":{"line":24,"column":76}},"11":{"start":{"line":27,"column":28},"end":{"line":27,"column":60}},"12":{"start":{"line":28,"column":8},"end":{"line":28,"column":30}},"13":{"start":{"line":31,"column":29},"end":{"line":31,"column":79}},"14":{"start":{"line":32,"column":8},"end":{"line":32,"column":65}},"15":{"start":{"line":37,"column":15},"end":{"line":40,"column":2}},"16":{"start":{"line":44,"column":25},"end":{"line":44,"column":46}},"17":{"start":{"line":46,"column":0},"end":{"line":46,"column":32}}},"fnMap":{"0":{"name":"(anonymous_1)","decl":{"start":{"line":10,"column":28},"end":{"line":10,"column":29}},"loc":{"start":{"line":10,"column":64},"end":{"line":17,"column":1}}},"1":{"name":"(anonymous_2)","decl":{"start":{"line":21,"column":17},"end":{"line":21,"column":27}},"loc":{"start":{"line":21,"column":54},"end":{"line":29,"column":5}}},"2":{"name":"(anonymous_3)","decl":{"start":{"line":30,"column":14},"end":{"line":30,"column":24}},"loc":{"start":{"line":30,"column":37},"end":{"line":33,"column":5}}}},"branchMap":{"0":{"loc":{"start":{"line":13,"column":4},"end":{"line":15,"column":5}},"type":"if","locations":[{"start":{"line":13,"column":4},"end":{"line":15,"column":5}},{"start":{},"end":{}}]},"1":{"loc":{"start":{"line":23,"column":8},"end":{"line":25,"column":9}},"type":"if","locations":[{"start":{"line":23,"column":8},"end":{"line":25,"column":9}},{"start":{},"end":{}}]},"2":{"loc":{"start":{"line":23,"column":12},"end":{"line":23,"column":37}},"type":"binary-expr","locations":[{"start":{"line":23,"column":12},"end":{"line":23,"column":21}},{"start":{"line":23,"column":25},"end":{"line":23,"column":37}}]}},"s":{"0":5,"1":5,"2":5,"3":5,"4":1,"5":1,"6":1,"7":1,"8":5,"9":1,"10":0,"11":1,"12":1,"13":1,"14":1,"15":5,"16":5,"17":5},"f":{"0":1,"1":1,"2":1},"b":{"0":[1,0],"1":[0,1],"2":[1,1]}}
,"C:\\Users\\Ranzer\\OneDrive\\Área de Trabalho\\NotaGest\\Backend_NotaGest_4.0\\src\\models\\fileModel.ts": {"path":"C:\\Users\\Ranzer\\OneDrive\\Área de Trabalho\\NotaGest\\Backend_NotaGest_4.0\\src\\models\\fileModel.ts","statementMap":{"0":{"start":{"line":1,"column":0},"end":{"line":1,"column":41}},"1":{"start":{"line":4,"column":22},"end":{"line":43,"column":2}},"2":{"start":{"line":45,"column":18},"end":{"line":45,"column":56}},"3":{"start":{"line":47,"column":0},"end":{"line":47,"column":25}}},"fnMap":{},"branchMap":{},"s":{"0":11,"1":11,"2":11,"3":11},"f":{},"b":{}}
,"C:\\Users\\Ranzer\\OneDrive\\Área de Trabalho\\NotaGest\\Backend_NotaGest_4.0\\src\\models\\propertyModel.ts": {"path":"C:\\Users\\Ranzer\\OneDrive\\Área de Trabalho\\NotaGest\\Backend_NotaGest_4.0\\src\\models\\propertyModel.ts","statementMap":{"0":{"start":{"line":1,"column":0},"end":{"line":1,"column":41}},"1":{"start":{"line":4,"column":21},"end":{"line":21,"column":2}},"2":{"start":{"line":23,"column":17},"end":{"line":23,"column":57}},"3":{"start":{"line":25,"column":0},"end":{"line":25,"column":24}}},"fnMap":{},"branchMap":{},"s":{"0":10,"1":10,"2":10,"3":10},"f":{},"b":{}}
,"C:\\Users\\Ranzer\\OneDrive\\Área de Trabalho\\NotaGest\\Backend_NotaGest_4.0\\src\\models\\userModel.ts": {"path":"C:\\Users\\Ranzer\\OneDrive\\Área de Trabalho\\NotaGest\\Backend_NotaGest_4.0\\src\\models\\userModel.ts","statementMap":{"0":{"start":{"line":1,"column":0},"end":{"line":1,"column":41}},"1":{"start":{"line":4,"column":19},"end":{"line":12,"column":2}},"2":{"start":{"line":14,"column":13},"end":{"line":14,"column":45}},"3":{"start":{"line":16,"column":0},"end":{"line":16,"column":20}}},"fnMap":{},"branchMap":{},"s":{"0":10,"1":10,"2":10,"3":10},"f":{},"b":{}}
,"C:\\Users\\Ranzer\\OneDrive\\Área de Trabalho\\NotaGest\\Backend_NotaGest_4.0\\src\\routes\\aiRoutes.ts": {"path":"C:\\Users\\Ranzer\\OneDrive\\Área de Trabalho\\NotaGest\\Backend_NotaGest_4.0\\src\\routes\\aiRoutes.ts","statementMap":{"0":{"start":{"line":1,"column":0},"end":{"line":1,"column":44}},"1":{"start":{"line":2,"column":0},"end":{"line":2,"column":48}},"2":{"start":{"line":3,"column":0},"end":{"line":3,"column":56}},"3":{"start":{"line":4,"column":0},"end":{"line":4,"column":63}},"4":{"start":{"line":5,"column":0},"end":{"line":5,"column":58}},"5":{"start":{"line":7,"column":0},"end":{"line":7,"column":24}},"6":{"start":{"line":9,"column":15},"end":{"line":9,"column":31}},"7":{"start":{"line":37,"column":0},"end":{"line":66,"column":2}},"8":{"start":{"line":42,"column":4},"end":{"line":64,"column":5}},"9":{"start":{"line":43,"column":6},"end":{"line":46,"column":7}},"10":{"start":{"line":44,"column":8},"end":{"line":44,"column":78}},"11":{"start":{"line":45,"column":8},"end":{"line":45,"column":90}},"12":{"start":{"line":48,"column":23},"end":{"line":48,"column":36}},"13":{"start":{"line":49,"column":23},"end":{"line":49,"column":40}},"14":{"start":{"line":51,"column":28},"end":{"line":51,"column":72}},"15":{"start":{"line":54,"column":27},"end":{"line":54,"column":134}},"16":{"start":{"line":56,"column":6},"end":{"line":60,"column":9}},"17":{"start":{"line":62,"column":6},"end":{"line":62,"column":73}},"18":{"start":{"line":63,"column":6},"end":{"line":63,"column":86}},"19":{"start":{"line":87,"column":0},"end":{"line":87,"column":41}},"20":{"start":{"line":89,"column":0},"end":{"line":89,"column":22}}},"fnMap":{"0":{"name":"(anonymous_1)","decl":{"start":{"line":41,"column":2},"end":{"line":41,"column":7}},"loc":{"start":{"line":41,"column":45},"end":{"line":65,"column":3}}}},"branchMap":{"0":{"loc":{"start":{"line":43,"column":6},"end":{"line":46,"column":7}},"type":"if","locations":[{"start":{"line":43,"column":6},"end":{"line":46,"column":7}},{"start":{},"end":{}}]},"1":{"loc":{"start":{"line":54,"column":27},"end":{"line":54,"column":134}},"type":"cond-expr","locations":[{"start":{"line":54,"column":42},"end":{"line":54,"column":114}},{"start":{"line":54,"column":117},"end":{"line":54,"column":134}}]},"2":{"loc":{"start":{"line":62,"column":49},"end":{"line":62,"column":71}},"type":"binary-expr","locations":[{"start":{"line":62,"column":49},"end":{"line":62,"column":62}},{"start":{"line":62,"column":66},"end":{"line":62,"column":71}}]},"3":{"loc":{"start":{"line":63,"column":38},"end":{"line":63,"column":82}},"type":"binary-expr","locations":[{"start":{"line":63,"column":38},"end":{"line":63,"column":51}},{"start":{"line":63,"column":55},"end":{"line":63,"column":82}}]}},"s":{"0":7,"1":7,"2":7,"3":7,"4":7,"5":7,"6":7,"7":7,"8":4,"9":4,"10":1,"11":1,"12":3,"13":3,"14":3,"15":2,"16":2,"17":1,"18":1,"19":7,"20":7},"f":{"0":4},"b":{"0":[1,3],"1":[1,1],"2":[1,0],"3":[1,0]}}
,"C:\\Users\\Ranzer\\OneDrive\\Área de Trabalho\\NotaGest\\Backend_NotaGest_4.0\\src\\routes\\fileRoutes.ts": {"path":"C:\\Users\\Ranzer\\OneDrive\\Área de Trabalho\\NotaGest\\Backend_NotaGest_4.0\\src\\routes\\fileRoutes.ts","statementMap":{"0":{"start":{"line":1,"column":0},"end":{"line":1,"column":30}},"1":{"start":{"line":3,"column":0},"end":{"line":3,"column":69}},"2":{"start":{"line":4,"column":0},"end":{"line":4,"column":48}},"3":{"start":{"line":6,"column":15},"end":{"line":6,"column":31}},"4":{"start":{"line":16,"column":0},"end":{"line":16,"column":20}},"5":{"start":{"line":37,"column":0},"end":{"line":37,"column":46}},"6":{"start":{"line":51,"column":0},"end":{"line":51,"column":49}},"7":{"start":{"line":69,"column":0},"end":{"line":69,"column":54}},"8":{"start":{"line":72,"column":0},"end":{"line":72,"column":22}}},"fnMap":{},"branchMap":{},"s":{"0":7,"1":7,"2":7,"3":7,"4":7,"5":7,"6":7,"7":7,"8":7},"f":{},"b":{}}
,"C:\\Users\\Ranzer\\OneDrive\\Área de Trabalho\\NotaGest\\Backend_NotaGest_4.0\\src\\routes\\propertyRoutes.ts": {"path":"C:\\Users\\Ranzer\\OneDrive\\Área de Trabalho\\NotaGest\\Backend_NotaGest_4.0\\src\\routes\\propertyRoutes.ts","statementMap":{"0":{"start":{"line":1,"column":0},"end":{"line":1,"column":30}},"1":{"start":{"line":2,"column":0},"end":{"line":2,"column":73}},"2":{"start":{"line":3,"column":0},"end":{"line":3,"column":48}},"3":{"start":{"line":5,"column":15},"end":{"line":5,"column":31}},"4":{"start":{"line":8,"column":0},"end":{"line":8,"column":20}},"5":{"start":{"line":29,"column":0},"end":{"line":29,"column":45}},"6":{"start":{"line":43,"column":0},"end":{"line":43,"column":54}},"7":{"start":{"line":63,"column":0},"end":{"line":63,"column":48}},"8":{"start":{"line":86,"column":0},"end":{"line":86,"column":53}},"9":{"start":{"line":88,"column":0},"end":{"line":88,"column":22}}},"fnMap":{},"branchMap":{},"s":{"0":7,"1":7,"2":7,"3":7,"4":7,"5":7,"6":7,"7":7,"8":7,"9":7},"f":{},"b":{}}
,"C:\\Users\\Ranzer\\OneDrive\\Área de Trabalho\\NotaGest\\Backend_NotaGest_4.0\\src\\routes\\uploadFileRoutes.ts": {"path":"C:\\Users\\Ranzer\\OneDrive\\Área de Trabalho\\NotaGest\\Backend_NotaGest_4.0\\src\\routes\\uploadFileRoutes.ts","statementMap":{"0":{"start":{"line":1,"column":0},"end":{"line":1,"column":44}},"1":{"start":{"line":2,"column":0},"end":{"line":2,"column":24}},"2":{"start":{"line":3,"column":0},"end":{"line":3,"column":48}},"3":{"start":{"line":4,"column":0},"end":{"line":4,"column":56}},"4":{"start":{"line":7,"column":15},"end":{"line":7,"column":31}},"5":{"start":{"line":35,"column":0},"end":{"line":67,"column":2}},"6":{"start":{"line":44,"column":8},"end":{"line":47,"column":9}},"7":{"start":{"line":45,"column":12},"end":{"line":45,"column":82}},"8":{"start":{"line":46,"column":12},"end":{"line":46,"column":91}},"9":{"start":{"line":50,"column":23},"end":{"line":50,"column":35}},"10":{"start":{"line":51,"column":8},"end":{"line":53,"column":9}},"11":{"start":{"line":52,"column":12},"end":{"line":52,"column":82}},"12":{"start":{"line":57,"column":29},"end":{"line":57,"column":96}},"13":{"start":{"line":59,"column":8},"end":{"line":59,"column":65}},"14":{"start":{"line":60,"column":8},"end":{"line":60,"column":60}},"15":{"start":{"line":62,"column":8},"end":{"line":65,"column":11}},"16":{"start":{"line":69,"column":0},"end":{"line":69,"column":22}}},"fnMap":{"0":{"name":"(anonymous_1)","decl":{"start":{"line":42,"column":4},"end":{"line":42,"column":5}},"loc":{"start":{"line":42,"column":41},"end":{"line":66,"column":5}}}},"branchMap":{"0":{"loc":{"start":{"line":44,"column":8},"end":{"line":47,"column":9}},"type":"if","locations":[{"start":{"line":44,"column":8},"end":{"line":47,"column":9}},{"start":{},"end":{}}]},"1":{"loc":{"start":{"line":51,"column":8},"end":{"line":53,"column":9}},"type":"if","locations":[{"start":{"line":51,"column":8},"end":{"line":53,"column":9}},{"start":{},"end":{}}]}},"s":{"0":7,"1":7,"2":7,"3":7,"4":7,"5":7,"6":4,"7":1,"8":1,"9":3,"10":3,"11":1,"12":2,"13":2,"14":2,"15":2,"16":7},"f":{"0":4},"b":{"0":[1,3],"1":[1,2]}}
,"C:\\Users\\Ranzer\\OneDrive\\Área de Trabalho\\NotaGest\\Backend_NotaGest_4.0\\src\\routes\\userRoutes.ts": {"path":"C:\\Users\\Ranzer\\OneDrive\\Área de Trabalho\\NotaGest\\Backend_NotaGest_4.0\\src\\routes\\userRoutes.ts","statementMap":{"0":{"start":{"line":1,"column":0},"end":{"line":1,"column":52}},"1":{"start":{"line":2,"column":0},"end":{"line":2,"column":67}},"2":{"start":{"line":3,"column":0},"end":{"line":3,"column":48}},"3":{"start":{"line":4,"column":0},"end":{"line":4,"column":42}},"4":{"start":{"line":5,"column":0},"end":{"line":5,"column":44}},"5":{"start":{"line":7,"column":15},"end":{"line":7,"column":23}},"6":{"start":{"line":31,"column":0},"end":{"line":49,"column":3}},"7":{"start":{"line":32,"column":2},"end":{"line":48,"column":3}},"8":{"start":{"line":33,"column":4},"end":{"line":33,"column":71}},"9":{"start":{"line":35,"column":17},"end":{"line":35,"column":96}},"10":{"start":{"line":37,"column":4},"end":{"line":40,"column":5}},"11":{"start":{"line":38,"column":6},"end":{"line":38,"column":72}},"12":{"start":{"line":39,"column":6},"end":{"line":39,"column":73}},"13":{"start":{"line":42,"column":4},"end":{"line":42,"column":77}},"14":{"start":{"line":44,"column":4},"end":{"line":44,"column":19}},"15":{"start":{"line":46,"column":4},"end":{"line":46,"column":59}},"16":{"start":{"line":47,"column":4},"end":{"line":47,"column":64}},"17":{"start":{"line":58,"column":0},"end":{"line":89,"column":3}},"18":{"start":{"line":59,"column":2},"end":{"line":88,"column":3}},"19":{"start":{"line":60,"column":4},"end":{"line":63,"column":7}},"20":{"start":{"line":65,"column":17},"end":{"line":65,"column":64}},"21":{"start":{"line":67,"column":4},"end":{"line":73,"column":5}},"22":{"start":{"line":68,"column":6},"end":{"line":71,"column":9}},"23":{"start":{"line":72,"column":6},"end":{"line":72,"column":74}},"24":{"start":{"line":75,"column":4},"end":{"line":78,"column":7}},"25":{"start":{"line":80,"column":4},"end":{"line":80,"column":19}},"26":{"start":{"line":82,"column":4},"end":{"line":85,"column":7}},"27":{"start":{"line":87,"column":4},"end":{"line":87,"column":65}},"28":{"start":{"line":92,"column":0},"end":{"line":92,"column":71}},"29":{"start":{"line":93,"column":0},"end":{"line":93,"column":63}},"30":{"start":{"line":95,"column":0},"end":{"line":95,"column":54}},"31":{"start":{"line":96,"column":0},"end":{"line":96,"column":48}},"32":{"start":{"line":98,"column":0},"end":{"line":98,"column":59}},"33":{"start":{"line":99,"column":0},"end":{"line":99,"column":62}},"34":{"start":{"line":100,"column":0},"end":{"line":100,"column":58}},"35":{"start":{"line":101,"column":0},"end":{"line":103,"column":3}},"36":{"start":{"line":102,"column":2},"end":{"line":102,"column":38}},"37":{"start":{"line":105,"column":0},"end":{"line":105,"column":22}}},"fnMap":{"0":{"name":"(anonymous_10)","decl":{"start":{"line":31,"column":27},"end":{"line":31,"column":32}},"loc":{"start":{"line":31,"column":65},"end":{"line":49,"column":1}}},"1":{"name":"(anonymous_11)","decl":{"start":{"line":58,"column":30},"end":{"line":58,"column":35}},"loc":{"start":{"line":58,"column":68},"end":{"line":89,"column":1}}},"2":{"name":"(anonymous_12)","decl":{"start":{"line":101,"column":16},"end":{"line":101,"column":17}},"loc":{"start":{"line":101,"column":29},"end":{"line":103,"column":1}}}},"branchMap":{"0":{"loc":{"start":{"line":37,"column":4},"end":{"line":40,"column":5}},"type":"if","locations":[{"start":{"line":37,"column":4},"end":{"line":40,"column":5}},{"start":{},"end":{}}]},"1":{"loc":{"start":{"line":67,"column":4},"end":{"line":73,"column":5}},"type":"if","locations":[{"start":{"line":67,"column":4},"end":{"line":73,"column":5}},{"start":{},"end":{}}]}},"s":{"0":7,"1":7,"2":7,"3":7,"4":7,"5":7,"6":7,"7":3,"8":3,"9":3,"10":3,"11":2,"12":2,"13":1,"14":1,"15":0,"16":0,"17":7,"18":2,"19":2,"20":2,"21":2,"22":1,"23":1,"24":1,"25":1,"26":0,"27":0,"28":7,"29":7,"30":7,"31":7,"32":7,"33":7,"34":7,"35":7,"36":0,"37":7},"f":{"0":3,"1":2,"2":0},"b":{"0":[2,1],"1":[1,1]}}
,"C:\\Users\\Ranzer\\OneDrive\\Área de Trabalho\\NotaGest\\Backend_NotaGest_4.0\\src\\services\\llmService.ts": {"path":"C:\\Users\\Ranzer\\OneDrive\\Área de Trabalho\\NotaGest\\Backend_NotaGest_4.0\\src\\services\\llmService.ts","statementMap":{"0":{"start":{"line":1,"column":0},"end":{"line":1,"column":59}},"1":{"start":{"line":2,"column":0},"end":{"line":2,"column":25}},"2":{"start":{"line":4,"column":17},"end":{"line":9,"column":1}},"3":{"start":{"line":5,"column":2},"end":{"line":7,"column":3}},"4":{"start":{"line":6,"column":4},"end":{"line":6,"column":80}},"5":{"start":{"line":8,"column":2},"end":{"line":8,"column":60}},"6":{"start":{"line":12,"column":2},"end":{"line":21,"column":3}},"7":{"start":{"line":13,"column":4},"end":{"line":18,"column":6}},"8":{"start":{"line":20,"column":4},"end":{"line":20,"column":56}},"9":{"start":{"line":24,"column":34},"end":{"line":61,"column":1}},"10":{"start":{"line":25,"column":2},"end":{"line":60,"column":3}},"11":{"start":{"line":26,"column":18},"end":{"line":26,"column":28}},"12":{"start":{"line":27,"column":18},"end":{"line":27,"column":73}},"13":{"start":{"line":29,"column":19},"end":{"line":41,"column":47}},"14":{"start":{"line":43,"column":23},"end":{"line":43,"column":65}},"15":{"start":{"line":44,"column":19},"end":{"line":44,"column":71}},"16":{"start":{"line":45,"column":21},"end":{"line":45,"column":42}},"17":{"start":{"line":46,"column":17},"end":{"line":46,"column":32}},"18":{"start":{"line":48,"column":22},"end":{"line":48,"column":77}},"19":{"start":{"line":49,"column":4},"end":{"line":49,"column":33}},"20":{"start":{"line":52,"column":21},"end":{"line":52,"column":63}},"21":{"start":{"line":53,"column":4},"end":{"line":53,"column":63}},"22":{"start":{"line":55,"column":4},"end":{"line":57,"column":5}},"23":{"start":{"line":56,"column":6},"end":{"line":56,"column":93}},"24":{"start":{"line":59,"column":4},"end":{"line":59,"column":30}},"25":{"start":{"line":24,"column":13},"end":{"line":24,"column":34}}},"fnMap":{"0":{"name":"(anonymous_9)","decl":{"start":{"line":4,"column":17},"end":{"line":4,"column":20}},"loc":{"start":{"line":4,"column":22},"end":{"line":9,"column":1}}},"1":{"name":"fileToGenerativePart","decl":{"start":{"line":11,"column":9},"end":{"line":11,"column":29}},"loc":{"start":{"line":11,"column":64},"end":{"line":22,"column":1}}},"2":{"name":"(anonymous_11)","decl":{"start":{"line":24,"column":34},"end":{"line":24,"column":39}},"loc":{"start":{"line":24,"column":79},"end":{"line":61,"column":1}}}},"branchMap":{"0":{"loc":{"start":{"line":5,"column":2},"end":{"line":7,"column":3}},"type":"if","locations":[{"start":{"line":5,"column":2},"end":{"line":7,"column":3}},{"start":{},"end":{}}]},"1":{"loc":{"start":{"line":52,"column":21},"end":{"line":52,"column":63}},"type":"binary-expr","locations":[{"start":{"line":52,"column":21},"end":{"line":52,"column":34}},{"start":{"line":52,"column":38},"end":{"line":52,"column":63}}]},"2":{"loc":{"start":{"line":55,"column":4},"end":{"line":57,"column":5}},"type":"if","locations":[{"start":{"line":55,"column":4},"end":{"line":57,"column":5}},{"start":{},"end":{}}]},"3":{"loc":{"start":{"line":55,"column":8},"end":{"line":55,"column":62}},"type":"binary-expr","locations":[{"start":{"line":55,"column":8},"end":{"line":55,"column":32}},{"start":{"line":55,"column":36},"end":{"line":55,"column":62}}]}},"s":{"0":8,"1":8,"2":8,"3":4,"4":1,"5":3,"6":2,"7":2,"8":1,"9":8,"10":4,"11":4,"12":3,"13":2,"14":2,"15":1,"16":1,"17":1,"18":1,"19":1,"20":3,"21":3,"22":3,"23":1,"24":2,"25":8},"f":{"0":4,"1":2,"2":4},"b":{"0":[1,3],"1":[3,0],"2":[1,2],"3":[3,2]}}
,"C:\\Users\\Ranzer\\OneDrive\\Área de Trabalho\\NotaGest\\Backend_NotaGest_4.0\\src\\services\\ragService.ts": {"path":"C:\\Users\\Ranzer\\OneDrive\\Área de Trabalho\\NotaGest\\Backend_NotaGest_4.0\\src\\services\\ragService.ts","statementMap":{"0":{"start":{"line":1,"column":0},"end":{"line":1,"column":59}},"1":{"start":{"line":2,"column":0},"end":{"line":2,"column":47}},"2":{"start":{"line":3,"column":0},"end":{"line":3,"column":55}},"3":{"start":{"line":6,"column":0},"end":{"line":6,"column":68}},"4":{"start":{"line":8,"column":17},"end":{"line":13,"column":1}},"5":{"start":{"line":9,"column":4},"end":{"line":11,"column":5}},"6":{"start":{"line":10,"column":8},"end":{"line":10,"column":67}},"7":{"start":{"line":12,"column":4},"end":{"line":12,"column":62}},"8":{"start":{"line":15,"column":33},"end":{"line":25,"column":1}},"9":{"start":{"line":16,"column":4},"end":{"line":24,"column":5}},"10":{"start":{"line":17,"column":22},"end":{"line":17,"column":32}},"11":{"start":{"line":18,"column":22},"end":{"line":18,"column":79}},"12":{"start":{"line":19,"column":23},"end":{"line":19,"column":53}},"13":{"start":{"line":20,"column":8},"end":{"line":20,"column":39}},"14":{"start":{"line":22,"column":8},"end":{"line":22,"column":59}},"15":{"start":{"line":23,"column":8},"end":{"line":23,"column":54}},"16":{"start":{"line":15,"column":13},"end":{"line":15,"column":33}},"17":{"start":{"line":27,"column":31},"end":{"line":29,"column":1}},"18":{"start":{"line":28,"column":4},"end":{"line":28,"column":153}},"19":{"start":{"line":27,"column":13},"end":{"line":27,"column":31}},"20":{"start":{"line":31,"column":32},"end":{"line":54,"column":1}},"21":{"start":{"line":32,"column":4},"end":{"line":53,"column":5}},"22":{"start":{"line":33,"column":31},"end":{"line":33,"column":61}},"23":{"start":{"line":34,"column":22},"end":{"line":34,"column":81}},"24":{"start":{"line":36,"column":8},"end":{"line":36,"column":42}},"25":{"start":{"line":36,"column":32},"end":{"line":36,"column":42}},"26":{"start":{"line":38,"column":28},"end":{"line":44,"column":10}},"27":{"start":{"line":39,"column":12},"end":{"line":42,"column":13}},"28":{"start":{"line":40,"column":35},"end":{"line":40,"column":84}},"29":{"start":{"line":41,"column":16},"end":{"line":41,"column":44}},"30":{"start":{"line":43,"column":12},"end":{"line":43,"column":43}},"31":{"start":{"line":46,"column":8},"end":{"line":49,"column":36}},"32":{"start":{"line":47,"column":28},"end":{"line":47,"column":55}},"33":{"start":{"line":49,"column":25},"end":{"line":49,"column":34}},"34":{"start":{"line":51,"column":8},"end":{"line":51,"column":55}},"35":{"start":{"line":52,"column":8},"end":{"line":52,"column":112}},"36":{"start":{"line":31,"column":13},"end":{"line":31,"column":32}},"37":{"start":{"line":57,"column":21},"end":{"line":57,"column":22}},"38":{"start":{"line":57,"column":36},"end":{"line":57,"column":37}},"39":{"start":{"line":57,"column":51},"end":{"line":57,"column":52}},"40":{"start":{"line":58,"column":4},"end":{"line":62,"column":5}},"41":{"start":{"line":58,"column":17},"end":{"line":58,"column":18}},"42":{"start":{"line":59,"column":8},"end":{"line":59,"column":40}},"43":{"start":{"line":60,"column":8},"end":{"line":60,"column":35}},"44":{"start":{"line":61,"column":8},"end":{"line":61,"column":35}},"45":{"start":{"line":63,"column":4},"end":{"line":63,"column":62}},"46":{"start":{"line":66,"column":28},"end":{"line":107,"column":1}},"47":{"start":{"line":67,"column":4},"end":{"line":106,"column":5}},"48":{"start":{"line":69,"column":30},"end":{"line":69,"column":71}},"49":{"start":{"line":72,"column":27},"end":{"line":72,"column":69}},"50":{"start":{"line":74,"column":32},"end":{"line":76,"column":20}},"51":{"start":{"line":75,"column":12},"end":{"line":75,"column":137}},"52":{"start":{"line":78,"column":28},"end":{"line":81,"column":21}},"53":{"start":{"line":79,"column":30},"end":{"line":79,"column":76}},"54":{"start":{"line":80,"column":12},"end":{"line":80,"column":177}},"55":{"start":{"line":83,"column":23},"end":{"line":97,"column":65}},"56":{"start":{"line":99,"column":22},"end":{"line":99,"column":32}},"57":{"start":{"line":100,"column":22},"end":{"line":100,"column":77}},"58":{"start":{"line":101,"column":23},"end":{"line":101,"column":58}},"59":{"start":{"line":102,"column":8},"end":{"line":102,"column":38}},"60":{"start":{"line":104,"column":8},"end":{"line":104,"column":60}},"61":{"start":{"line":105,"column":8},"end":{"line":105,"column":75}},"62":{"start":{"line":66,"column":13},"end":{"line":66,"column":28}}},"fnMap":{"0":{"name":"(anonymous_1)","decl":{"start":{"line":8,"column":17},"end":{"line":8,"column":20}},"loc":{"start":{"line":8,"column":22},"end":{"line":13,"column":1}}},"1":{"name":"(anonymous_2)","decl":{"start":{"line":15,"column":33},"end":{"line":15,"column":38}},"loc":{"start":{"line":15,"column":75},"end":{"line":25,"column":1}}},"2":{"name":"(anonymous_3)","decl":{"start":{"line":27,"column":31},"end":{"line":27,"column":32}},"loc":{"start":{"line":27,"column":64},"end":{"line":29,"column":1}}},"3":{"name":"(anonymous_4)","decl":{"start":{"line":31,"column":32},"end":{"line":31,"column":37}},"loc":{"start":{"line":31,"column":92},"end":{"line":54,"column":1}}},"4":{"name":"(anonymous_5)","decl":{"start":{"line":38,"column":38},"end":{"line":38,"column":42}},"loc":{"start":{"line":38,"column":45},"end":{"line":44,"column":9}}},"5":{"name":"(anonymous_6)","decl":{"start":{"line":47,"column":18},"end":{"line":47,"column":19}},"loc":{"start":{"line":47,"column":28},"end":{"line":47,"column":55}}},"6":{"name":"(anonymous_7)","decl":{"start":{"line":49,"column":17},"end":{"line":49,"column":21}},"loc":{"start":{"line":49,"column":25},"end":{"line":49,"column":34}}},"7":{"name":"cosineSimilarity","decl":{"start":{"line":56,"column":9},"end":{"line":56,"column":25}},"loc":{"start":{"line":56,"column":56},"end":{"line":64,"column":1}}},"8":{"name":"(anonymous_9)","decl":{"start":{"line":66,"column":28},"end":{"line":66,"column":33}},"loc":{"start":{"line":66,"column":72},"end":{"line":107,"column":1}}},"9":{"name":"(anonymous_10)","decl":{"start":{"line":74,"column":47},"end":{"line":74,"column":48}},"loc":{"start":{"line":75,"column":12},"end":{"line":75,"column":137}}},"10":{"name":"(anonymous_11)","decl":{"start":{"line":78,"column":46},"end":{"line":78,"column":47}},"loc":{"start":{"line":78,"column":50},"end":{"line":81,"column":9}}}},"branchMap":{"0":{"loc":{"start":{"line":9,"column":4},"end":{"line":11,"column":5}},"type":"if","locations":[{"start":{"line":9,"column":4},"end":{"line":11,"column":5}},{"start":{},"end":{}}]},"1":{"loc":{"start":{"line":31,"column":70},"end":{"line":31,"column":88}},"type":"default-arg","locations":[{"start":{"line":31,"column":86},"end":{"line":31,"column":88}}]},"2":{"loc":{"start":{"line":36,"column":8},"end":{"line":36,"column":42}},"type":"if","locations":[{"start":{"line":36,"column":8},"end":{"line":36,"column":42}},{"start":{},"end":{}}]},"3":{"loc":{"start":{"line":39,"column":12},"end":{"line":42,"column":13}},"type":"if","locations":[{"start":{"line":39,"column":12},"end":{"line":42,"column":13}},{"start":{},"end":{}}]},"4":{"loc":{"start":{"line":39,"column":16},"end":{"line":39,"column":61}},"type":"binary-expr","locations":[{"start":{"line":39,"column":16},"end":{"line":39,"column":31}},{"start":{"line":39,"column":35},"end":{"line":39,"column":61}}]},"5":{"loc":{"start":{"line":79,"column":30},"end":{"line":79,"column":76}},"type":"binary-expr","locations":[{"start":{"line":79,"column":30},"end":{"line":79,"column":54}},{"start":{"line":79,"column":58},"end":{"line":79,"column":76}}]},"6":{"loc":{"start":{"line":87,"column":2},"end":{"line":87,"column":65}},"type":"binary-expr","locations":[{"start":{"line":87,"column":2},"end":{"line":87,"column":17}},{"start":{"line":87,"column":21},"end":{"line":87,"column":65}}]},"7":{"loc":{"start":{"line":90,"column":2},"end":{"line":90,"column":50}},"type":"binary-expr","locations":[{"start":{"line":90,"column":2},"end":{"line":90,"column":13}},{"start":{"line":90,"column":17},"end":{"line":90,"column":50}}]}},"s":{"0":8,"1":8,"2":8,"3":8,"4":8,"5":9,"6":1,"7":8,"8":8,"9":8,"10":8,"11":7,"12":6,"13":5,"14":3,"15":3,"16":8,"17":8,"18":1,"19":8,"20":8,"21":5,"22":5,"23":4,"24":3,"25":1,"26":2,"27":3,"28":2,"29":2,"30":1,"31":2,"32":1,"33":3,"34":2,"35":2,"36":8,"37":2,"38":2,"39":2,"40":2,"41":2,"42":4,"43":4,"44":4,"45":2,"46":8,"47":2,"48":2,"49":1,"50":1,"51":1,"52":1,"53":1,"54":1,"55":1,"56":1,"57":1,"58":1,"59":1,"60":1,"61":1,"62":8},"f":{"0":9,"1":8,"2":1,"3":5,"4":3,"5":1,"6":3,"7":2,"8":2,"9":1,"10":1},"b":{"0":[1,8],"1":[5],"2":[1,2],"3":[2,1],"4":[3,2],"5":[1,0],"6":[1,0],"7":[1,0]}}
,"C:\\Users\\Ranzer\\OneDrive\\Área de Trabalho\\NotaGest\\Backend_NotaGest_4.0\\src\\services\\userService.ts": {"path":"C:\\Users\\Ranzer\\OneDrive\\Área de Trabalho\\NotaGest\\Backend_NotaGest_4.0\\src\\services\\userService.ts","statementMap":{"0":{"start":{"line":1,"column":0},"end":{"line":1,"column":42}},"1":{"start":{"line":7,"column":29},"end":{"line":19,"column":1}},"2":{"start":{"line":8,"column":2},"end":{"line":18,"column":3}},"3":{"start":{"line":9,"column":23},"end":{"line":9,"column":55}},"4":{"start":{"line":10,"column":4},"end":{"line":10,"column":28}},"5":{"start":{"line":11,"column":4},"end":{"line":11,"column":22}},"6":{"start":{"line":13,"column":4},"end":{"line":15,"column":5}},"7":{"start":{"line":14,"column":6},"end":{"line":14,"column":62}},"8":{"start":{"line":16,"column":4},"end":{"line":16,"column":58}},"9":{"start":{"line":17,"column":4},"end":{"line":17,"column":69}},"10":{"start":{"line":7,"column":13},"end":{"line":7,"column":29}},"11":{"start":{"line":22,"column":30},"end":{"line":30,"column":1}},"12":{"start":{"line":23,"column":2},"end":{"line":29,"column":3}},"13":{"start":{"line":25,"column":4},"end":{"line":25,"column":36}},"14":{"start":{"line":27,"column":4},"end":{"line":27,"column":59}},"15":{"start":{"line":28,"column":4},"end":{"line":28,"column":67}},"16":{"start":{"line":22,"column":13},"end":{"line":22,"column":30}},"17":{"start":{"line":34,"column":33},"end":{"line":48,"column":1}},"18":{"start":{"line":35,"column":2},"end":{"line":47,"column":3}},"19":{"start":{"line":36,"column":4},"end":{"line":36,"column":28}},"20":{"start":{"line":38,"column":27},"end":{"line":41,"column":null}},"21":{"start":{"line":43,"column":4},"end":{"line":43,"column":26}},"22":{"start":{"line":45,"column":4},"end":{"line":45,"column":62}},"23":{"start":{"line":46,"column":4},"end":{"line":46,"column":73}},"24":{"start":{"line":34,"column":13},"end":{"line":34,"column":33}},"25":{"start":{"line":51,"column":33},"end":{"line":59,"column":1}},"26":{"start":{"line":52,"column":2},"end":{"line":58,"column":3}},"27":{"start":{"line":53,"column":19},"end":{"line":53,"column":52}},"28":{"start":{"line":54,"column":4},"end":{"line":54,"column":20}},"29":{"start":{"line":56,"column":4},"end":{"line":56,"column":60}},"30":{"start":{"line":57,"column":4},"end":{"line":57,"column":70}},"31":{"start":{"line":51,"column":13},"end":{"line":51,"column":33}}},"fnMap":{"0":{"name":"(anonymous_1)","decl":{"start":{"line":7,"column":29},"end":{"line":7,"column":34}},"loc":{"start":{"line":7,"column":98},"end":{"line":19,"column":1}}},"1":{"name":"(anonymous_2)","decl":{"start":{"line":22,"column":30},"end":{"line":22,"column":35}},"loc":{"start":{"line":22,"column":75},"end":{"line":30,"column":1}}},"2":{"name":"(anonymous_3)","decl":{"start":{"line":34,"column":33},"end":{"line":34,"column":38}},"loc":{"start":{"line":34,"column":106},"end":{"line":48,"column":1}}},"3":{"name":"(anonymous_4)","decl":{"start":{"line":51,"column":33},"end":{"line":51,"column":38}},"loc":{"start":{"line":51,"column":73},"end":{"line":59,"column":1}}}},"branchMap":{"0":{"loc":{"start":{"line":13,"column":4},"end":{"line":15,"column":5}},"type":"if","locations":[{"start":{"line":13,"column":4},"end":{"line":15,"column":5}},{"start":{},"end":{}}]}},"s":{"0":9,"1":9,"2":3,"3":3,"4":3,"5":1,"6":2,"7":1,"8":1,"9":1,"10":9,"11":9,"12":2,"13":2,"14":1,"15":1,"16":9,"17":9,"18":2,"19":2,"20":2,"21":1,"22":1,"23":1,"24":9,"25":9,"26":3,"27":3,"28":2,"29":1,"30":1,"31":9},"f":{"0":3,"1":2,"2":2,"3":3},"b":{"0":[1,1]}}
,"C:\\Users\\Ranzer\\OneDrive\\Área de Trabalho\\NotaGest\\Backend_NotaGest_4.0\\src\\utils\\logger.ts": {"path":"C:\\Users\\Ranzer\\OneDrive\\Área de Trabalho\\NotaGest\\Backend_NotaGest_4.0\\src\\utils\\logger.ts","statementMap":{"0":{"start":{"line":1,"column":0},"end":{"line":1,"column":26}},"1":{"start":{"line":5,"column":23},"end":{"line":8,"column":2}},"2":{"start":{"line":10,"column":23},"end":{"line":40,"column":1}},"3":{"start":{"line":15,"column":2},"end":{"line":17,"column":3}},"4":{"start":{"line":16,"column":4},"end":{"line":16,"column":11}},"5":{"start":{"line":18,"column":2},"end":{"line":39,"column":3}},"6":{"start":{"line":20,"column":16},"end":{"line":28,"column":6}},"7":{"start":{"line":30,"column":4},"end":{"line":35,"column":7}},"8":{"start":{"line":38,"column":4},"end":{"line":38,"column":80}},"9":{"start":{"line":10,"column":13},"end":{"line":10,"column":23}},"10":{"start":{"line":42,"column":13},"end":{"line":45,"column":2}},"11":{"start":{"line":43,"column":41},"end":{"line":43,"column":67}},"12":{"start":{"line":44,"column":42},"end":{"line":44,"column":69}}},"fnMap":{"0":{"name":"(anonymous_1)","decl":{"start":{"line":10,"column":23},"end":{"line":10,"column":28}},"loc":{"start":{"line":14,"column":19},"end":{"line":40,"column":1}}},"1":{"name":"(anonymous_2)","decl":{"start":{"line":43,"column":8},"end":{"line":43,"column":9}},"loc":{"start":{"line":43,"column":41},"end":{"line":43,"column":67}}},"2":{"name":"(anonymous_3)","decl":{"start":{"line":44,"column":9},"end":{"line":44,"column":10}},"loc":{"start":{"line":44,"column":42},"end":{"line":44,"column":69}}}},"branchMap":{"0":{"loc":{"start":{"line":7,"column":15},"end":{"line":7,"column":44}},"type":"binary-expr","locations":[{"start":{"line":7,"column":15},"end":{"line":7,"column":35}},{"start":{"line":7,"column":39},"end":{"line":7,"column":44}}]},"1":{"loc":{"start":{"line":13,"column":2},"end":{"line":13,"column":20}},"type":"default-arg","locations":[{"start":{"line":13,"column":18},"end":{"line":13,"column":20}}]},"2":{"loc":{"start":{"line":15,"column":2},"end":{"line":17,"column":3}},"type":"if","locations":[{"start":{"line":15,"column":2},"end":{"line":17,"column":3}},{"start":{},"end":{}}]},"3":{"loc":{"start":{"line":38,"column":41},"end":{"line":38,"column":78}},"type":"binary-expr","locations":[{"start":{"line":38,"column":41},"end":{"line":38,"column":61}},{"start":{"line":38,"column":65},"end":{"line":38,"column":78}}]}},"s":{"0":9,"1":9,"2":9,"3":121,"4":2,"5":119,"6":119,"7":119,"8":0,"9":9,"10":9,"11":106,"12":15},"f":{"0":121,"1":106,"2":15},"b":{"0":[9,0],"1":[0],"2":[2,119],"3":[0,0]}}
}
