TN:
SF:src\server.ts
FN:63,(anonymous_1)
FN:74,(anonymous_2)
FNF:2
FNH:1
FNDA:1,(anonymous_1)
FNDA:0,(anonymous_2)
DA:1,7
DA:2,7
DA:3,7
DA:4,7
DA:6,7
DA:7,7
DA:8,7
DA:9,7
DA:10,7
DA:11,7
DA:12,7
DA:13,7
DA:14,7
DA:15,7
DA:17,7
DA:19,7
DA:20,0
DA:22,7
DA:25,7
DA:26,0
DA:29,7
DA:30,7
DA:41,7
DA:44,7
DA:47,7
DA:50,7
DA:51,7
DA:52,7
DA:53,7
DA:54,7
DA:57,7
DA:60,7
DA:63,7
DA:64,1
DA:69,1
DA:72,7
DA:73,7
DA:74,0
DA:77,7
LF:39
LH:36
BRDA:19,0,0,0
BRDA:19,0,1,7
BRDA:25,1,0,0
BRDA:25,1,1,7
BRDA:72,2,0,7
BRDA:72,2,1,0
BRDA:73,3,0,0
BRDA:73,3,1,7
BRF:8
BRH:4
end_of_record
TN:
SF:src\config\mongoDb.ts
FN:9,(anonymous_1)
FNF:1
FNH:1
FNDA:3,(anonymous_1)
DA:2,8
DA:9,8
DA:10,3
DA:11,3
DA:13,3
DA:14,1
DA:17,2
DA:18,1
DA:20,2
DA:21,2
DA:23,0
DA:26,2
DA:31,8
LF:13
LH:12
BRDA:11,0,0,3
BRDA:11,0,1,1
BRDA:13,1,0,1
BRDA:13,1,1,2
BRDA:20,2,0,2
BRDA:20,2,1,0
BRF:6
BRH:5
end_of_record
TN:
SF:src\config\swaggerConfig.ts
FN:8,(anonymous_1)
FN:101,(anonymous_2)
FNF:2
FNH:2
FNDA:7,(anonymous_1)
FNDA:7,(anonymous_2)
DA:1,7
DA:2,7
DA:4,7
DA:5,7
DA:8,7
DA:9,7
DA:10,7
DA:11,7
DA:13,7
DA:15,7
DA:17,7
DA:95,7
DA:101,7
DA:102,7
DA:103,7
DA:106,7
LF:16
LH:16
BRDA:15,0,0,7
BRDA:15,0,1,7
BRDA:22,1,0,7
BRDA:22,1,1,0
BRDA:29,2,0,7
BRDA:29,2,1,7
BRF:6
BRH:5
end_of_record
TN:
SF:src\controllers\aiController.ts
FN:10,(anonymous_0)
FNF:1
FNH:1
FNDA:3,(anonymous_0)
DA:3,7
DA:4,7
DA:10,7
DA:11,3
DA:12,3
DA:14,3
DA:16,3
DA:17,0
DA:20,3
DA:21,1
DA:24,2
DA:25,2
DA:26,1
DA:27,1
DA:29,1
DA:35,1
LF:16
LH:15
BRDA:16,0,0,0
BRDA:16,0,1,3
BRDA:20,1,0,1
BRDA:20,1,1,2
BRF:4
BRH:3
end_of_record
TN:
SF:src\controllers\fileController.ts
FN:9,(anonymous_1)
FN:35,(anonymous_2)
FN:65,(anonymous_3)
FN:89,(anonymous_4)
FNF:4
FNH:4
FNDA:4,(anonymous_1)
FNDA:4,(anonymous_2)
FNDA:6,(anonymous_3)
FNDA:4,(anonymous_4)
DA:2,8
DA:9,8
DA:10,4
DA:11,4
DA:13,4
DA:14,0
DA:17,4
DA:18,4
DA:19,4
DA:21,4
DA:25,4
DA:27,0
DA:28,0
DA:35,8
DA:36,4
DA:37,4
DA:39,4
DA:43,4
DA:46,4
DA:47,2
DA:50,2
DA:56,2
DA:58,0
DA:65,8
DA:66,6
DA:67,6
DA:68,6
DA:69,6
DA:71,6
DA:72,2
DA:75,4
DA:76,2
DA:79,2
DA:80,2
DA:82,0
DA:89,8
DA:90,4
DA:91,4
DA:92,4
DA:93,4
DA:95,4
DA:96,1
DA:99,3
DA:101,3
DA:102,1
DA:105,2
DA:106,1
DA:109,1
DA:110,1
DA:111,1
DA:112,1
DA:114,0
LF:52
LH:46
BRDA:13,0,0,0
BRDA:13,0,1,4
BRDA:19,1,0,2
BRDA:19,1,1,2
BRDA:37,2,0,0
BRDA:37,2,1,4
BRDA:46,3,0,2
BRDA:46,3,1,2
BRDA:46,4,0,4
BRDA:46,4,1,4
BRDA:46,4,2,2
BRDA:46,4,3,2
BRDA:46,4,4,2
BRDA:46,4,5,2
BRDA:71,5,0,2
BRDA:71,5,1,4
BRDA:75,6,0,2
BRDA:75,6,1,2
BRDA:95,7,0,1
BRDA:95,7,1,3
BRDA:95,8,0,4
BRDA:95,8,1,1
BRDA:101,9,0,1
BRDA:101,9,1,2
BRDA:105,10,0,1
BRDA:105,10,1,1
BRDA:109,11,0,1
BRDA:109,11,1,0
BRDA:110,12,0,1
BRDA:110,12,1,0
BRF:30
BRH:26
end_of_record
TN:
SF:src\controllers\propertyController.ts
FN:11,(anonymous_1)
FN:30,(anonymous_2)
FN:49,(anonymous_3)
FN:80,(anonymous_4)
FN:108,(anonymous_5)
FNF:5
FNH:4
FNDA:3,(anonymous_1)
FNDA:3,(anonymous_2)
FNDA:5,(anonymous_3)
FNDA:0,(anonymous_4)
FNDA:6,(anonymous_5)
DA:2,8
DA:3,8
DA:4,8
DA:11,8
DA:12,3
DA:13,3
DA:14,3
DA:15,1
DA:18,2
DA:19,2
DA:21,0
DA:22,0
DA:30,8
DA:31,3
DA:32,3
DA:33,3
DA:34,1
DA:37,2
DA:38,2
DA:40,0
DA:41,0
DA:49,8
DA:50,5
DA:51,5
DA:53,5
DA:54,2
DA:57,3
DA:58,3
DA:60,3
DA:61,1
DA:64,2
DA:76,2
DA:79,0
DA:80,0
DA:84,0
DA:90,0
DA:91,0
DA:97,0
DA:108,8
DA:109,6
DA:110,6
DA:112,6
DA:113,0
DA:117,6
DA:119,6
DA:120,2
DA:126,4
DA:128,4
DA:129,2
DA:132,2
DA:135,0
DA:136,0
LF:52
LH:39
BRDA:14,0,0,1
BRDA:14,0,1,2
BRDA:33,1,0,1
BRDA:33,1,1,2
BRDA:53,2,0,2
BRDA:53,2,1,3
BRDA:60,3,0,1
BRDA:60,3,1,2
BRDA:79,4,0,0
BRDA:79,4,1,0
BRDA:90,5,0,0
BRDA:90,5,1,0
BRDA:112,6,0,0
BRDA:112,6,1,6
BRDA:119,7,0,2
BRDA:119,7,1,4
BRDA:128,8,0,2
BRDA:128,8,1,2
BRF:18
BRH:13
end_of_record
TN:
SF:src\controllers\userController.ts
FN:18,(anonymous_10)
FN:63,(anonymous_11)
FN:154,(anonymous_12)
FN:205,(anonymous_13)
FN:244,(anonymous_14)
FN:278,(anonymous_15)
FN:314,(anonymous_16)
FN:321,(anonymous_17)
FN:349,(anonymous_18)
FNF:9
FNH:9
FNDA:3,(anonymous_10)
FNDA:5,(anonymous_11)
FNDA:5,(anonymous_12)
FNDA:3,(anonymous_13)
FNDA:5,(anonymous_14)
FNDA:4,(anonymous_15)
FNDA:2,(anonymous_16)
FNDA:2,(anonymous_17)
FNDA:2,(anonymous_18)
DA:2,8
DA:3,8
DA:4,8
DA:5,8
DA:8,8
DA:18,8
DA:19,3
DA:20,3
DA:22,3
DA:24,3
DA:25,1
DA:30,2
DA:31,1
DA:37,1
DA:40,1
DA:41,1
DA:42,1
DA:43,0
DA:44,0
DA:47,1
DA:48,1
DA:50,0
DA:58,0
DA:63,8
DA:64,5
DA:65,5
DA:67,5
DA:72,5
DA:73,0
DA:78,0
DA:82,5
DA:83,0
DA:89,0
DA:94,5
DA:95,5
DA:98,5
DA:99,1
DA:104,1
DA:108,4
DA:109,1
DA:115,1
DA:118,3
DA:120,2
DA:121,1
DA:126,1
DA:129,1
DA:135,1
DA:141,1
DA:150,1
DA:154,8
DA:155,5
DA:156,5
DA:158,5
DA:160,5
DA:161,0
DA:164,5
DA:165,5
DA:166,1
DA:169,4
DA:170,3
DA:172,2
DA:173,2
DA:174,1
DA:180,1
DA:183,1
DA:184,1
DA:186,1
DA:187,1
DA:189,1
DA:191,1
DA:193,1
DA:200,1
DA:205,8
DA:206,3
DA:207,3
DA:209,3
DA:211,3
DA:212,0
DA:215,3
DA:216,0
DA:217,0
DA:222,3
DA:223,3
DA:224,2
DA:225,1
DA:228,1
DA:230,1
DA:232,1
DA:239,1
DA:244,8
DA:245,5
DA:247,5
DA:249,5
DA:250,2
DA:253,3
DA:254,3
DA:256,1
DA:258,1
DA:263,2
DA:264,1
DA:266,1
DA:273,1
DA:278,8
DA:279,4
DA:281,4
DA:282,4
DA:284,4
DA:285,1
DA:288,3
DA:290,2
DA:291,1
DA:294,1
DA:296,1
DA:301,1
DA:307,1
DA:314,8
DA:315,2
DA:321,8
DA:322,2
DA:324,2
DA:325,2
DA:326,2
DA:328,2
DA:329,2
DA:331,1
DA:333,1
DA:335,1
DA:341,0
DA:342,0
DA:349,8
DA:350,2
DA:352,2
DA:353,0
DA:356,2
DA:357,2
DA:358,2
DA:359,1
DA:362,1
DA:363,1
DA:365,1
DA:366,1
DA:368,1
DA:370,1
DA:376,0
DA:377,0
LF:145
LH:128
BRDA:24,0,0,1
BRDA:24,0,1,2
BRDA:24,1,0,3
BRDA:24,1,1,2
BRDA:30,2,0,1
BRDA:30,2,1,1
BRDA:42,3,0,0
BRDA:42,3,1,1
BRDA:72,4,0,0
BRDA:72,4,1,5
BRDA:72,5,0,5
BRDA:72,5,1,5
BRDA:82,6,0,0
BRDA:82,6,1,5
BRDA:98,7,0,1
BRDA:98,7,1,4
BRDA:98,8,0,5
BRDA:98,8,1,5
BRDA:108,9,0,1
BRDA:108,9,1,3
BRDA:108,10,0,4
BRDA:108,10,1,1
BRDA:120,11,0,1
BRDA:120,11,1,1
BRDA:160,12,0,0
BRDA:160,12,1,5
BRDA:165,13,0,1
BRDA:165,13,1,4
BRDA:165,14,0,5
BRDA:165,14,1,4
BRDA:170,15,0,1
BRDA:170,15,1,2
BRDA:173,16,0,1
BRDA:173,16,1,1
BRDA:194,17,0,1
BRDA:194,17,1,0
BRDA:195,18,0,1
BRDA:195,18,1,0
BRDA:211,19,0,0
BRDA:211,19,1,3
BRDA:211,20,0,3
BRDA:211,20,1,3
BRDA:215,21,0,0
BRDA:215,21,1,3
BRDA:224,22,0,1
BRDA:224,22,1,1
BRDA:249,23,0,2
BRDA:249,23,1,3
BRDA:249,24,0,5
BRDA:249,24,1,5
BRDA:249,24,2,3
BRDA:263,25,0,1
BRDA:263,25,1,1
BRDA:284,26,0,1
BRDA:284,26,1,3
BRDA:290,27,0,1
BRDA:290,27,1,1
BRDA:302,28,0,1
BRDA:302,28,1,0
BRDA:303,29,0,1
BRDA:303,29,1,0
BRDA:315,30,0,2
BRDA:315,30,1,0
BRDA:326,31,0,0
BRDA:326,31,1,2
BRDA:329,32,0,1
BRDA:329,32,1,1
BRDA:352,33,0,0
BRDA:352,33,1,2
BRDA:352,34,0,2
BRDA:352,34,1,2
BRDA:352,34,2,2
BRDA:358,35,0,1
BRDA:358,35,1,1
BRF:74
BRH:61
end_of_record
TN:
SF:src\middleware\auth.ts
FN:9,(anonymous_1)
FNF:1
FNH:1
FNDA:47,(anonymous_1)
DA:2,7
DA:4,7
DA:5,7
DA:7,7
DA:9,7
DA:10,47
DA:14,47
DA:15,45
DA:16,45
DA:18,45
DA:19,1
DA:24,1
DA:27,44
DA:29,44
DA:31,43
DA:36,43
DA:39,1
DA:45,1
DA:49,2
DA:54,2
DA:58,7
LF:21
LH:21
BRDA:14,0,0,45
BRDA:14,0,1,2
BRDA:14,1,0,47
BRDA:14,1,1,45
BRDA:18,2,0,1
BRDA:18,2,1,44
BRDA:18,3,0,45
BRDA:18,3,1,45
BRF:8
BRH:8
end_of_record
TN:
SF:src\middleware\errorMiddleware.ts
FN:4,(anonymous_0)
FNF:1
FNH:1
FNDA:2,(anonymous_0)
DA:2,8
DA:4,8
DA:11,2
DA:22,2
LF:4
LH:4
BRDA:22,0,0,2
BRDA:22,0,1,1
BRDA:23,1,0,2
BRDA:23,1,1,0
BRF:4
BRH:3
end_of_record
TN:
SF:src\middleware\requestLogger.ts
FN:4,(anonymous_0)
FN:7,(anonymous_1)
FNF:2
FNH:2
FNDA:58,(anonymous_0)
FNDA:58,(anonymous_1)
DA:2,7
DA:4,7
DA:5,58
DA:7,58
DA:8,58
DA:10,58
DA:23,58
LF:7
LH:7
BRF:0
BRH:0
end_of_record
TN:
SF:src\middleware\uploads.ts
FN:10,(anonymous_1)
FN:21,(anonymous_2)
FN:30,(anonymous_3)
FNF:3
FNH:3
FNDA:1,(anonymous_1)
FNDA:1,(anonymous_2)
FNDA:1,(anonymous_3)
DA:1,5
DA:2,5
DA:3,5
DA:10,5
DA:11,1
DA:13,1
DA:14,1
DA:16,1
DA:20,5
DA:23,1
DA:24,0
DA:27,1
DA:28,1
DA:31,1
DA:32,1
DA:37,5
DA:44,5
DA:46,5
LF:18
LH:17
BRDA:13,0,0,1
BRDA:13,0,1,0
BRDA:23,1,0,0
BRDA:23,1,1,1
BRDA:23,2,0,1
BRDA:23,2,1,1
BRF:6
BRH:4
end_of_record
TN:
SF:src\models\fileModel.ts
FNF:0
FNH:0
DA:1,11
DA:4,11
DA:45,11
DA:47,11
LF:4
LH:4
BRF:0
BRH:0
end_of_record
TN:
SF:src\models\propertyModel.ts
FNF:0
FNH:0
DA:1,10
DA:4,10
DA:23,10
DA:25,10
LF:4
LH:4
BRF:0
BRH:0
end_of_record
TN:
SF:src\models\userModel.ts
FNF:0
FNH:0
DA:1,10
DA:4,10
DA:14,10
DA:16,10
LF:4
LH:4
BRF:0
BRH:0
end_of_record
TN:
SF:src\routes\aiRoutes.ts
FN:41,(anonymous_1)
FNF:1
FNH:1
FNDA:4,(anonymous_1)
DA:1,7
DA:2,7
DA:3,7
DA:4,7
DA:5,7
DA:7,7
DA:9,7
DA:37,7
DA:42,4
DA:43,4
DA:44,1
DA:45,1
DA:48,3
DA:49,3
DA:51,3
DA:54,2
DA:56,2
DA:62,1
DA:63,1
DA:87,7
DA:89,7
LF:21
LH:21
BRDA:43,0,0,1
BRDA:43,0,1,3
BRDA:54,1,0,1
BRDA:54,1,1,1
BRDA:62,2,0,1
BRDA:62,2,1,0
BRDA:63,3,0,1
BRDA:63,3,1,0
BRF:8
BRH:6
end_of_record
TN:
SF:src\routes\fileRoutes.ts
FNF:0
FNH:0
DA:1,7
DA:3,7
DA:4,7
DA:6,7
DA:16,7
DA:37,7
DA:51,7
DA:69,7
DA:72,7
LF:9
LH:9
BRF:0
BRH:0
end_of_record
TN:
SF:src\routes\propertyRoutes.ts
FNF:0
FNH:0
DA:1,7
DA:2,7
DA:3,7
DA:5,7
DA:8,7
DA:29,7
DA:43,7
DA:63,7
DA:86,7
DA:88,7
LF:10
LH:10
BRF:0
BRH:0
end_of_record
TN:
SF:src\routes\uploadFileRoutes.ts
FN:42,(anonymous_1)
FNF:1
FNH:1
FNDA:4,(anonymous_1)
DA:1,7
DA:2,7
DA:3,7
DA:4,7
DA:7,7
DA:35,7
DA:44,4
DA:45,1
DA:46,1
DA:50,3
DA:51,3
DA:52,1
DA:57,2
DA:59,2
DA:60,2
DA:62,2
DA:69,7
LF:17
LH:17
BRDA:44,0,0,1
BRDA:44,0,1,3
BRDA:51,1,0,1
BRDA:51,1,1,2
BRF:4
BRH:4
end_of_record
TN:
SF:src\routes\userRoutes.ts
FN:31,(anonymous_10)
FN:58,(anonymous_11)
FN:101,(anonymous_12)
FNF:3
FNH:2
FNDA:3,(anonymous_10)
FNDA:2,(anonymous_11)
FNDA:0,(anonymous_12)
DA:1,7
DA:2,7
DA:3,7
DA:4,7
DA:5,7
DA:7,7
DA:31,7
DA:32,3
DA:33,3
DA:35,3
DA:37,3
DA:38,2
DA:39,2
DA:42,1
DA:44,1
DA:46,0
DA:47,0
DA:58,7
DA:59,2
DA:60,2
DA:65,2
DA:67,2
DA:68,1
DA:72,1
DA:75,1
DA:80,1
DA:82,0
DA:87,0
DA:92,7
DA:93,7
DA:95,7
DA:96,7
DA:98,7
DA:99,7
DA:100,7
DA:101,7
DA:102,0
DA:105,7
LF:38
LH:33
BRDA:37,0,0,2
BRDA:37,0,1,1
BRDA:67,1,0,1
BRDA:67,1,1,1
BRF:4
BRH:4
end_of_record
TN:
SF:src\services\llmService.ts
FN:4,(anonymous_9)
FN:11,fileToGenerativePart
FN:24,(anonymous_11)
FNF:3
FNH:3
FNDA:4,(anonymous_9)
FNDA:2,fileToGenerativePart
FNDA:4,(anonymous_11)
DA:1,8
DA:2,8
DA:4,8
DA:5,4
DA:6,1
DA:8,3
DA:12,2
DA:13,2
DA:20,1
DA:24,8
DA:25,4
DA:26,4
DA:27,3
DA:29,2
DA:43,2
DA:44,1
DA:45,1
DA:46,1
DA:48,1
DA:49,1
DA:52,3
DA:53,3
DA:55,3
DA:56,1
DA:59,2
LF:25
LH:25
BRDA:5,0,0,1
BRDA:5,0,1,3
BRDA:52,1,0,3
BRDA:52,1,1,0
BRDA:55,2,0,1
BRDA:55,2,1,2
BRDA:55,3,0,3
BRDA:55,3,1,2
BRF:8
BRH:7
end_of_record
TN:
SF:src\services\ragService.ts
FN:8,(anonymous_1)
FN:15,(anonymous_2)
FN:27,(anonymous_3)
FN:31,(anonymous_4)
FN:38,(anonymous_5)
FN:47,(anonymous_6)
FN:49,(anonymous_7)
FN:56,cosineSimilarity
FN:66,(anonymous_9)
FN:74,(anonymous_10)
FN:78,(anonymous_11)
FNF:11
FNH:11
FNDA:9,(anonymous_1)
FNDA:8,(anonymous_2)
FNDA:1,(anonymous_3)
FNDA:5,(anonymous_4)
FNDA:3,(anonymous_5)
FNDA:1,(anonymous_6)
FNDA:3,(anonymous_7)
FNDA:2,cosineSimilarity
FNDA:2,(anonymous_9)
FNDA:1,(anonymous_10)
FNDA:1,(anonymous_11)
DA:1,8
DA:2,8
DA:3,8
DA:6,8
DA:8,8
DA:9,9
DA:10,1
DA:12,8
DA:15,8
DA:16,8
DA:17,8
DA:18,7
DA:19,6
DA:20,5
DA:22,3
DA:23,3
DA:27,8
DA:28,1
DA:31,8
DA:32,5
DA:33,5
DA:34,4
DA:36,3
DA:38,2
DA:39,3
DA:40,2
DA:41,2
DA:43,1
DA:46,2
DA:47,1
DA:49,3
DA:51,2
DA:52,2
DA:57,2
DA:58,2
DA:59,4
DA:60,4
DA:61,4
DA:63,2
DA:66,8
DA:67,2
DA:69,2
DA:72,1
DA:74,1
DA:75,1
DA:78,1
DA:79,1
DA:80,1
DA:83,1
DA:99,1
DA:100,1
DA:101,1
DA:102,1
DA:104,1
DA:105,1
LF:55
LH:55
BRDA:9,0,0,1
BRDA:9,0,1,8
BRDA:31,1,0,5
BRDA:36,2,0,1
BRDA:36,2,1,2
BRDA:39,3,0,2
BRDA:39,3,1,1
BRDA:39,4,0,3
BRDA:39,4,1,2
BRDA:79,5,0,1
BRDA:79,5,1,0
BRDA:87,6,0,1
BRDA:87,6,1,0
BRDA:90,7,0,1
BRDA:90,7,1,0
BRF:15
BRH:12
end_of_record
TN:
SF:src\services\userService.ts
FN:7,(anonymous_1)
FN:22,(anonymous_2)
FN:34,(anonymous_3)
FN:51,(anonymous_4)
FNF:4
FNH:4
FNDA:3,(anonymous_1)
FNDA:2,(anonymous_2)
FNDA:2,(anonymous_3)
FNDA:3,(anonymous_4)
DA:1,9
DA:7,9
DA:8,3
DA:9,3
DA:10,3
DA:11,1
DA:13,2
DA:14,1
DA:16,1
DA:17,1
DA:22,9
DA:23,2
DA:25,2
DA:27,1
DA:28,1
DA:34,9
DA:35,2
DA:36,2
DA:38,2
DA:43,1
DA:45,1
DA:46,1
DA:51,9
DA:52,3
DA:53,3
DA:54,2
DA:56,1
DA:57,1
LF:28
LH:28
BRDA:13,0,0,1
BRDA:13,0,1,1
BRF:2
BRH:2
end_of_record
TN:
SF:src\utils\logger.ts
FN:10,(anonymous_1)
FN:43,(anonymous_2)
FN:44,(anonymous_3)
FNF:3
FNH:3
FNDA:121,(anonymous_1)
FNDA:106,(anonymous_2)
FNDA:15,(anonymous_3)
DA:1,9
DA:5,9
DA:10,9
DA:15,121
DA:16,2
DA:18,119
DA:20,119
DA:30,119
DA:38,0
DA:42,9
DA:43,106
DA:44,15
LF:12
LH:11
BRDA:7,0,0,9
BRDA:7,0,1,0
BRDA:13,1,0,0
BRDA:15,2,0,2
BRDA:15,2,1,119
BRDA:38,3,0,0
BRDA:38,3,1,0
BRF:7
BRH:3
end_of_record
